{"/var/www/vari/audiobookTube/public/js/api-service.js": {"path":"/var/www/vari/audiobookTube/public/js/api-service.js","statementMap":{"0":{"start":{"line":13,"column":4},"end":{"line":36,"column":11}},"1":{"start":{"line":20,"column":12},"end":{"line":22,"column":13}},"2":{"start":{"line":21,"column":16},"end":{"line":21,"column":76}},"3":{"start":{"line":23,"column":12},"end":{"line":23,"column":35}},"4":{"start":{"line":26,"column":12},"end":{"line":30,"column":13}},"5":{"start":{"line":27,"column":16},"end":{"line":27,"column":31}},"6":{"start":{"line":29,"column":16},"end":{"line":29,"column":37}},"7":{"start":{"line":31,"column":12},"end":{"line":31,"column":24}},"8":{"start":{"line":34,"column":12},"end":{"line":34,"column":58}},"9":{"start":{"line":35,"column":12},"end":{"line":35,"column":24}},"10":{"start":{"line":46,"column":4},"end":{"line":46,"column":39}},"11":{"start":{"line":56,"column":4},"end":{"line":56,"column":49}},"12":{"start":{"line":66,"column":4},"end":{"line":66,"column":73}},"13":{"start":{"line":76,"column":19},"end":{"line":76,"column":84}},"14":{"start":{"line":77,"column":18},"end":{"line":77,"column":35}},"15":{"start":{"line":78,"column":4},"end":{"line":78,"column":63}},"16":{"start":{"line":82,"column":0},"end":{"line":88,"column":2}}},"fnMap":{"0":{"name":"executeSearch","decl":{"start":{"line":12,"column":9},"end":{"line":12,"column":22}},"loc":{"start":{"line":12,"column":41},"end":{"line":37,"column":1}},"line":12},"1":{"name":"(anonymous_1)","decl":{"start":{"line":19,"column":14},"end":{"line":19,"column":15}},"loc":{"start":{"line":19,"column":26},"end":{"line":24,"column":9}},"line":19},"2":{"name":"(anonymous_2)","decl":{"start":{"line":25,"column":14},"end":{"line":25,"column":15}},"loc":{"start":{"line":25,"column":22},"end":{"line":32,"column":9}},"line":25},"3":{"name":"(anonymous_3)","decl":{"start":{"line":33,"column":15},"end":{"line":33,"column":16}},"loc":{"start":{"line":33,"column":24},"end":{"line":36,"column":9}},"line":33},"4":{"name":"performSearch","decl":{"start":{"line":45,"column":9},"end":{"line":45,"column":22}},"loc":{"start":{"line":45,"column":30},"end":{"line":47,"column":1}},"line":45},"5":{"name":"searchByCategory","decl":{"start":{"line":55,"column":9},"end":{"line":55,"column":25}},"loc":{"start":{"line":55,"column":36},"end":{"line":57,"column":1}},"line":55},"6":{"name":"isValidYouTubeUrl","decl":{"start":{"line":65,"column":9},"end":{"line":65,"column":26}},"loc":{"start":{"line":65,"column":34},"end":{"line":67,"column":1}},"line":65},"7":{"name":"extractYouTubeId","decl":{"start":{"line":75,"column":9},"end":{"line":75,"column":25}},"loc":{"start":{"line":75,"column":31},"end":{"line":79,"column":1}},"line":75}},"branchMap":{"0":{"loc":{"start":{"line":20,"column":12},"end":{"line":22,"column":13}},"type":"if","locations":[{"start":{"line":20,"column":12},"end":{"line":22,"column":13}},{"start":{},"end":{}}],"line":20},"1":{"loc":{"start":{"line":26,"column":12},"end":{"line":30,"column":13}},"type":"if","locations":[{"start":{"line":26,"column":12},"end":{"line":30,"column":13}},{"start":{"line":28,"column":19},"end":{"line":30,"column":13}}],"line":26},"2":{"loc":{"start":{"line":78,"column":11},"end":{"line":78,"column":62}},"type":"cond-expr","locations":[{"start":{"line":78,"column":47},"end":{"line":78,"column":55}},{"start":{"line":78,"column":58},"end":{"line":78,"column":62}}],"line":78},"3":{"loc":{"start":{"line":78,"column":12},"end":{"line":78,"column":43}},"type":"binary-expr","locations":[{"start":{"line":78,"column":12},"end":{"line":78,"column":17}},{"start":{"line":78,"column":21},"end":{"line":78,"column":43}}],"line":78}},"s":{"0":0,"1":0,"2":0,"3":0,"4":0,"5":0,"6":0,"7":0,"8":0,"9":0,"10":0,"11":0,"12":0,"13":0,"14":0,"15":0,"16":0},"f":{"0":0,"1":0,"2":0,"3":0,"4":0,"5":0,"6":0,"7":0},"b":{"0":[0,0],"1":[0,0],"2":[0,0],"3":[0,0]}}
,"/var/www/vari/audiobookTube/public/js/event-bus.js": {"path":"/var/www/vari/audiobookTube/public/js/event-bus.js","statementMap":{"0":{"start":{"line":10,"column":8},"end":{"line":10,"column":25}},"1":{"start":{"line":11,"column":8},"end":{"line":11,"column":31}},"2":{"start":{"line":21,"column":8},"end":{"line":21,"column":33}},"3":{"start":{"line":32,"column":8},"end":{"line":34,"column":9}},"4":{"start":{"line":33,"column":12},"end":{"line":33,"column":40}},"5":{"start":{"line":36,"column":8},"end":{"line":36,"column":46}},"6":{"start":{"line":39,"column":8},"end":{"line":41,"column":10}},"7":{"start":{"line":40,"column":12},"end":{"line":40,"column":42}},"8":{"start":{"line":52,"column":8},"end":{"line":54,"column":9}},"9":{"start":{"line":53,"column":12},"end":{"line":53,"column":19}},"10":{"start":{"line":56,"column":8},"end":{"line":58,"column":10}},"11":{"start":{"line":57,"column":34},"end":{"line":57,"column":65}},"12":{"start":{"line":69,"column":8},"end":{"line":71,"column":9}},"13":{"start":{"line":70,"column":12},"end":{"line":70,"column":65}},"14":{"start":{"line":73,"column":8},"end":{"line":75,"column":9}},"15":{"start":{"line":74,"column":12},"end":{"line":74,"column":19}},"16":{"start":{"line":78,"column":26},"end":{"line":78,"column":53}},"17":{"start":{"line":80,"column":8},"end":{"line":86,"column":11}},"18":{"start":{"line":81,"column":12},"end":{"line":85,"column":13}},"19":{"start":{"line":82,"column":16},"end":{"line":82,"column":31}},"20":{"start":{"line":84,"column":16},"end":{"line":84,"column":85}},"21":{"start":{"line":89,"column":8},"end":{"line":91,"column":12}},"22":{"start":{"line":102,"column":29},"end":{"line":105,"column":9}},"23":{"start":{"line":103,"column":12},"end":{"line":103,"column":27}},"24":{"start":{"line":104,"column":12},"end":{"line":104,"column":46}},"25":{"start":{"line":107,"column":8},"end":{"line":107,"column":41}},"26":{"start":{"line":117,"column":8},"end":{"line":121,"column":9}},"27":{"start":{"line":118,"column":12},"end":{"line":118,"column":42}},"28":{"start":{"line":120,"column":12},"end":{"line":120,"column":29}},"29":{"start":{"line":126,"column":0},"end":{"line":126,"column":33}}},"fnMap":{"0":{"name":"(anonymous_0)","decl":{"start":{"line":9,"column":4},"end":{"line":9,"column":5}},"loc":{"start":{"line":9,"column":18},"end":{"line":12,"column":5}},"line":9},"1":{"name":"(anonymous_1)","decl":{"start":{"line":20,"column":4},"end":{"line":20,"column":5}},"loc":{"start":{"line":20,"column":26},"end":{"line":22,"column":5}},"line":20},"2":{"name":"(anonymous_2)","decl":{"start":{"line":31,"column":4},"end":{"line":31,"column":5}},"loc":{"start":{"line":31,"column":28},"end":{"line":42,"column":5}},"line":31},"3":{"name":"(anonymous_3)","decl":{"start":{"line":39,"column":15},"end":{"line":39,"column":16}},"loc":{"start":{"line":39,"column":21},"end":{"line":41,"column":9}},"line":39},"4":{"name":"(anonymous_4)","decl":{"start":{"line":51,"column":4},"end":{"line":51,"column":5}},"loc":{"start":{"line":51,"column":29},"end":{"line":59,"column":5}},"line":51},"5":{"name":"(anonymous_5)","decl":{"start":{"line":57,"column":12},"end":{"line":57,"column":13}},"loc":{"start":{"line":57,"column":34},"end":{"line":57,"column":65}},"line":57},"6":{"name":"(anonymous_6)","decl":{"start":{"line":68,"column":4},"end":{"line":68,"column":5}},"loc":{"start":{"line":68,"column":26},"end":{"line":92,"column":5}},"line":68},"7":{"name":"(anonymous_7)","decl":{"start":{"line":80,"column":26},"end":{"line":80,"column":27}},"loc":{"start":{"line":80,"column":38},"end":{"line":86,"column":9}},"line":80},"8":{"name":"(anonymous_8)","decl":{"start":{"line":101,"column":4},"end":{"line":101,"column":5}},"loc":{"start":{"line":101,"column":30},"end":{"line":108,"column":5}},"line":101},"9":{"name":"(anonymous_9)","decl":{"start":{"line":102,"column":29},"end":{"line":102,"column":30}},"loc":{"start":{"line":102,"column":39},"end":{"line":105,"column":9}},"line":102},"10":{"name":"(anonymous_10)","decl":{"start":{"line":116,"column":4},"end":{"line":116,"column":5}},"loc":{"start":{"line":116,"column":21},"end":{"line":122,"column":5}},"line":116}},"branchMap":{"0":{"loc":{"start":{"line":32,"column":8},"end":{"line":34,"column":9}},"type":"if","locations":[{"start":{"line":32,"column":8},"end":{"line":34,"column":9}},{"start":{},"end":{}}],"line":32},"1":{"loc":{"start":{"line":52,"column":8},"end":{"line":54,"column":9}},"type":"if","locations":[{"start":{"line":52,"column":8},"end":{"line":54,"column":9}},{"start":{},"end":{}}],"line":52},"2":{"loc":{"start":{"line":69,"column":8},"end":{"line":71,"column":9}},"type":"if","locations":[{"start":{"line":69,"column":8},"end":{"line":71,"column":9}},{"start":{},"end":{}}],"line":69},"3":{"loc":{"start":{"line":73,"column":8},"end":{"line":75,"column":9}},"type":"if","locations":[{"start":{"line":73,"column":8},"end":{"line":75,"column":9}},{"start":{},"end":{}}],"line":73},"4":{"loc":{"start":{"line":117,"column":8},"end":{"line":121,"column":9}},"type":"if","locations":[{"start":{"line":117,"column":8},"end":{"line":121,"column":9}},{"start":{"line":119,"column":15},"end":{"line":121,"column":9}}],"line":117}},"s":{"0":0,"1":0,"2":0,"3":0,"4":0,"5":0,"6":0,"7":0,"8":0,"9":0,"10":0,"11":0,"12":0,"13":0,"14":0,"15":0,"16":0,"17":0,"18":0,"19":0,"20":0,"21":0,"22":0,"23":0,"24":0,"25":0,"26":0,"27":0,"28":0,"29":0},"f":{"0":0,"1":0,"2":0,"3":0,"4":0,"5":0,"6":0,"7":0,"8":0,"9":0,"10":0},"b":{"0":[0,0],"1":[0,0],"2":[0,0],"3":[0,0],"4":[0,0]}}
,"/var/www/vari/audiobookTube/public/js/main.js": {"path":"/var/www/vari/audiobookTube/public/js/main.js","statementMap":{"0":{"start":{"line":5,"column":0},"end":{"line":119,"column":3}},"1":{"start":{"line":6,"column":25},"end":{"line":6,"column":43}},"2":{"start":{"line":7,"column":21},"end":{"line":7,"column":56}},"3":{"start":{"line":10,"column":4},"end":{"line":17,"column":7}},"4":{"start":{"line":11,"column":8},"end":{"line":11,"column":36}},"5":{"start":{"line":12,"column":8},"end":{"line":16,"column":16}},"6":{"start":{"line":13,"column":12},"end":{"line":15,"column":13}},"7":{"start":{"line":14,"column":16},"end":{"line":14,"column":57}},"8":{"start":{"line":19,"column":4},"end":{"line":22,"column":7}},"9":{"start":{"line":20,"column":8},"end":{"line":20,"column":74}},"10":{"start":{"line":21,"column":8},"end":{"line":21,"column":52}},"11":{"start":{"line":24,"column":4},"end":{"line":26,"column":7}},"12":{"start":{"line":25,"column":8},"end":{"line":25,"column":44}},"13":{"start":{"line":29,"column":21},"end":{"line":34,"column":5}},"14":{"start":{"line":40,"column":8},"end":{"line":40,"column":26}},"15":{"start":{"line":41,"column":8},"end":{"line":41,"column":30}},"16":{"start":{"line":42,"column":8},"end":{"line":42,"column":27}},"17":{"start":{"line":43,"column":8},"end":{"line":43,"column":35}},"18":{"start":{"line":44,"column":8},"end":{"line":44,"column":22}},"19":{"start":{"line":51,"column":8},"end":{"line":51,"column":68}},"20":{"start":{"line":51,"column":61},"end":{"line":51,"column":68}},"21":{"start":{"line":53,"column":8},"end":{"line":55,"column":11}},"22":{"start":{"line":54,"column":12},"end":{"line":54,"column":60}},"23":{"start":{"line":62,"column":8},"end":{"line":62,"column":45}},"24":{"start":{"line":62,"column":38},"end":{"line":62,"column":45}},"25":{"start":{"line":64,"column":8},"end":{"line":66,"column":11}},"26":{"start":{"line":65,"column":12},"end":{"line":65,"column":29}},"27":{"start":{"line":75,"column":27},"end":{"line":76,"column":58}},"28":{"start":{"line":78,"column":8},"end":{"line":78,"column":64}},"29":{"start":{"line":79,"column":8},"end":{"line":79,"column":85}},"30":{"start":{"line":80,"column":8},"end":{"line":80,"column":53}},"31":{"start":{"line":87,"column":8},"end":{"line":89,"column":9}},"32":{"start":{"line":88,"column":12},"end":{"line":88,"column":33}},"33":{"start":{"line":96,"column":8},"end":{"line":100,"column":11}},"34":{"start":{"line":97,"column":12},"end":{"line":99,"column":13}},"35":{"start":{"line":98,"column":16},"end":{"line":98,"column":42}},"36":{"start":{"line":107,"column":24},"end":{"line":107,"column":80}},"37":{"start":{"line":108,"column":8},"end":{"line":108,"column":43}},"38":{"start":{"line":111,"column":8},"end":{"line":114,"column":11}},"39":{"start":{"line":112,"column":12},"end":{"line":112,"column":52}},"40":{"start":{"line":113,"column":12},"end":{"line":113,"column":42}},"41":{"start":{"line":118,"column":4},"end":{"line":118,"column":11}},"42":{"start":{"line":127,"column":4},"end":{"line":127,"column":27}},"43":{"start":{"line":128,"column":18},"end":{"line":128,"column":66}},"44":{"start":{"line":130,"column":4},"end":{"line":138,"column":5}},"45":{"start":{"line":131,"column":24},"end":{"line":131,"column":58}},"46":{"start":{"line":132,"column":8},"end":{"line":135,"column":9}},"47":{"start":{"line":133,"column":12},"end":{"line":133,"column":36}},"48":{"start":{"line":134,"column":12},"end":{"line":134,"column":59}},"49":{"start":{"line":137,"column":8},"end":{"line":137,"column":33}},"50":{"start":{"line":147,"column":4},"end":{"line":150,"column":5}},"51":{"start":{"line":148,"column":8},"end":{"line":148,"column":32}},"52":{"start":{"line":149,"column":8},"end":{"line":149,"column":41}},"53":{"start":{"line":159,"column":22},"end":{"line":159,"column":65}},"54":{"start":{"line":160,"column":4},"end":{"line":162,"column":5}},"55":{"start":{"line":161,"column":8},"end":{"line":161,"column":15}},"56":{"start":{"line":164,"column":22},"end":{"line":170,"column":5}},"57":{"start":{"line":172,"column":20},"end":{"line":172,"column":49}},"58":{"start":{"line":173,"column":4},"end":{"line":173,"column":39}},"59":{"start":{"line":174,"column":4},"end":{"line":174,"column":34}},"60":{"start":{"line":176,"column":4},"end":{"line":176,"column":31}},"61":{"start":{"line":179,"column":4},"end":{"line":181,"column":8}}},"fnMap":{"0":{"name":"(anonymous_0)","decl":{"start":{"line":5,"column":46},"end":{"line":5,"column":47}},"loc":{"start":{"line":5,"column":52},"end":{"line":119,"column":1}},"line":5},"1":{"name":"(anonymous_1)","decl":{"start":{"line":10,"column":39},"end":{"line":10,"column":40}},"loc":{"start":{"line":10,"column":46},"end":{"line":17,"column":5}},"line":10},"2":{"name":"(anonymous_2)","decl":{"start":{"line":12,"column":35},"end":{"line":12,"column":36}},"loc":{"start":{"line":12,"column":41},"end":{"line":16,"column":9}},"line":12},"3":{"name":"(anonymous_3)","decl":{"start":{"line":19,"column":54},"end":{"line":19,"column":55}},"loc":{"start":{"line":19,"column":61},"end":{"line":22,"column":5}},"line":19},"4":{"name":"(anonymous_4)","decl":{"start":{"line":24,"column":48},"end":{"line":24,"column":49}},"loc":{"start":{"line":24,"column":55},"end":{"line":26,"column":5}},"line":24},"5":{"name":"init","decl":{"start":{"line":39,"column":13},"end":{"line":39,"column":17}},"loc":{"start":{"line":39,"column":20},"end":{"line":45,"column":5}},"line":39},"6":{"name":"setupMobileMenu","decl":{"start":{"line":50,"column":13},"end":{"line":50,"column":28}},"loc":{"start":{"line":50,"column":31},"end":{"line":56,"column":5}},"line":50},"7":{"name":"(anonymous_7)","decl":{"start":{"line":53,"column":57},"end":{"line":53,"column":58}},"loc":{"start":{"line":53,"column":68},"end":{"line":55,"column":9}},"line":53},"8":{"name":"setupDarkModeToggle","decl":{"start":{"line":61,"column":13},"end":{"line":61,"column":32}},"loc":{"start":{"line":61,"column":35},"end":{"line":67,"column":5}},"line":61},"9":{"name":"(anonymous_9)","decl":{"start":{"line":64,"column":58},"end":{"line":64,"column":59}},"loc":{"start":{"line":64,"column":69},"end":{"line":66,"column":9}},"line":64},"10":{"name":"toggleDarkMode","decl":{"start":{"line":74,"column":13},"end":{"line":74,"column":27}},"loc":{"start":{"line":74,"column":37},"end":{"line":81,"column":5}},"line":74},"11":{"name":"applyStoredTheme","decl":{"start":{"line":86,"column":13},"end":{"line":86,"column":29}},"loc":{"start":{"line":86,"column":32},"end":{"line":90,"column":5}},"line":86},"12":{"name":"setupMediaQueryListeners","decl":{"start":{"line":95,"column":13},"end":{"line":95,"column":37}},"loc":{"start":{"line":95,"column":40},"end":{"line":101,"column":5}},"line":95},"13":{"name":"(anonymous_13)","decl":{"start":{"line":96,"column":70},"end":{"line":96,"column":71}},"loc":{"start":{"line":96,"column":82},"end":{"line":100,"column":9}},"line":96},"14":{"name":"initHistory","decl":{"start":{"line":106,"column":13},"end":{"line":106,"column":24}},"loc":{"start":{"line":106,"column":27},"end":{"line":115,"column":5}},"line":106},"15":{"name":"(anonymous_15)","decl":{"start":{"line":111,"column":74},"end":{"line":111,"column":75}},"loc":{"start":{"line":111,"column":80},"end":{"line":114,"column":9}},"line":111},"16":{"name":"handleUniversalInput","decl":{"start":{"line":126,"column":9},"end":{"line":126,"column":29}},"loc":{"start":{"line":126,"column":37},"end":{"line":139,"column":1}},"line":126},"17":{"name":"handleSearchInput","decl":{"start":{"line":146,"column":9},"end":{"line":146,"column":26}},"loc":{"start":{"line":146,"column":34},"end":{"line":151,"column":1}},"line":146},"18":{"name":"addContentItem","decl":{"start":{"line":158,"column":9},"end":{"line":158,"column":23}},"loc":{"start":{"line":158,"column":33},"end":{"line":182,"column":1}},"line":158}},"branchMap":{"0":{"loc":{"start":{"line":13,"column":12},"end":{"line":15,"column":13}},"type":"if","locations":[{"start":{"line":13,"column":12},"end":{"line":15,"column":13}},{"start":{},"end":{}}],"line":13},"1":{"loc":{"start":{"line":51,"column":8},"end":{"line":51,"column":68}},"type":"if","locations":[{"start":{"line":51,"column":8},"end":{"line":51,"column":68}},{"start":{},"end":{}}],"line":51},"2":{"loc":{"start":{"line":51,"column":12},"end":{"line":51,"column":59}},"type":"binary-expr","locations":[{"start":{"line":51,"column":12},"end":{"line":51,"column":35}},{"start":{"line":51,"column":39},"end":{"line":51,"column":59}}],"line":51},"3":{"loc":{"start":{"line":62,"column":8},"end":{"line":62,"column":45}},"type":"if","locations":[{"start":{"line":62,"column":8},"end":{"line":62,"column":45}},{"start":{},"end":{}}],"line":62},"4":{"loc":{"start":{"line":75,"column":27},"end":{"line":76,"column":58}},"type":"cond-expr","locations":[{"start":{"line":75,"column":51},"end":{"line":75,"column":58}},{"start":{"line":76,"column":12},"end":{"line":76,"column":58}}],"line":75},"5":{"loc":{"start":{"line":87,"column":8},"end":{"line":89,"column":9}},"type":"if","locations":[{"start":{"line":87,"column":8},"end":{"line":89,"column":9}},{"start":{},"end":{}}],"line":87},"6":{"loc":{"start":{"line":97,"column":12},"end":{"line":99,"column":13}},"type":"if","locations":[{"start":{"line":97,"column":12},"end":{"line":99,"column":13}},{"start":{},"end":{}}],"line":97},"7":{"loc":{"start":{"line":107,"column":35},"end":{"line":107,"column":79}},"type":"binary-expr","locations":[{"start":{"line":107,"column":35},"end":{"line":107,"column":71}},{"start":{"line":107,"column":75},"end":{"line":107,"column":79}}],"line":107},"8":{"loc":{"start":{"line":130,"column":4},"end":{"line":138,"column":5}},"type":"if","locations":[{"start":{"line":130,"column":4},"end":{"line":138,"column":5}},{"start":{"line":136,"column":11},"end":{"line":138,"column":5}}],"line":130},"9":{"loc":{"start":{"line":132,"column":8},"end":{"line":135,"column":9}},"type":"if","locations":[{"start":{"line":132,"column":8},"end":{"line":135,"column":9}},{"start":{},"end":{}}],"line":132},"10":{"loc":{"start":{"line":147,"column":4},"end":{"line":150,"column":5}},"type":"if","locations":[{"start":{"line":147,"column":4},"end":{"line":150,"column":5}},{"start":{},"end":{}}],"line":147},"11":{"loc":{"start":{"line":160,"column":4},"end":{"line":162,"column":5}},"type":"if","locations":[{"start":{"line":160,"column":4},"end":{"line":162,"column":5}},{"start":{},"end":{}}],"line":160}},"s":{"0":0,"1":0,"2":0,"3":0,"4":0,"5":0,"6":0,"7":0,"8":0,"9":0,"10":0,"11":0,"12":0,"13":0,"14":0,"15":0,"16":0,"17":0,"18":0,"19":0,"20":0,"21":0,"22":0,"23":0,"24":0,"25":0,"26":0,"27":0,"28":0,"29":0,"30":0,"31":0,"32":0,"33":0,"34":0,"35":0,"36":0,"37":0,"38":0,"39":0,"40":0,"41":0,"42":0,"43":0,"44":0,"45":0,"46":0,"47":0,"48":0,"49":0,"50":0,"51":0,"52":0,"53":0,"54":0,"55":0,"56":0,"57":0,"58":0,"59":0,"60":0,"61":0},"f":{"0":0,"1":0,"2":0,"3":0,"4":0,"5":0,"6":0,"7":0,"8":0,"9":0,"10":0,"11":0,"12":0,"13":0,"14":0,"15":0,"16":0,"17":0,"18":0},"b":{"0":[0,0],"1":[0,0],"2":[0,0],"3":[0,0],"4":[0,0],"5":[0,0],"6":[0,0],"7":[0,0],"8":[0,0],"9":[0,0],"10":[0,0],"11":[0,0]}}
,"/var/www/vari/audiobookTube/public/js/search-engine.js": {"path":"/var/www/vari/audiobookTube/public/js/search-engine.js","statementMap":{"0":{"start":{"line":11,"column":8},"end":{"line":11,"column":28}},"1":{"start":{"line":12,"column":8},"end":{"line":12,"column":33}},"2":{"start":{"line":13,"column":8},"end":{"line":13,"column":87}},"3":{"start":{"line":14,"column":8},"end":{"line":14,"column":58}},"4":{"start":{"line":15,"column":8},"end":{"line":15,"column":36}},"5":{"start":{"line":16,"column":8},"end":{"line":16,"column":124}},"6":{"start":{"line":17,"column":8},"end":{"line":17,"column":29}},"7":{"start":{"line":26,"column":21},"end":{"line":26,"column":55}},"8":{"start":{"line":27,"column":8},"end":{"line":29,"column":17}},"9":{"start":{"line":38,"column":8},"end":{"line":50,"column":11}},"10":{"start":{"line":39,"column":12},"end":{"line":49,"column":19}},"11":{"start":{"line":40,"column":34},"end":{"line":40,"column":49}},"12":{"start":{"line":42,"column":20},"end":{"line":42,"column":65}},"13":{"start":{"line":43,"column":20},"end":{"line":43,"column":44}},"14":{"start":{"line":46,"column":20},"end":{"line":46,"column":86}},"15":{"start":{"line":47,"column":20},"end":{"line":47,"column":65}},"16":{"start":{"line":48,"column":20},"end":{"line":48,"column":44}},"17":{"start":{"line":60,"column":8},"end":{"line":67,"column":67}},"18":{"start":{"line":62,"column":16},"end":{"line":64,"column":67}},"19":{"start":{"line":66,"column":28},"end":{"line":66,"column":69}},"20":{"start":{"line":67,"column":30},"end":{"line":67,"column":65}},"21":{"start":{"line":76,"column":8},"end":{"line":80,"column":10}},"22":{"start":{"line":90,"column":8},"end":{"line":102,"column":11}},"23":{"start":{"line":92,"column":12},"end":{"line":101,"column":13}},"24":{"start":{"line":93,"column":16},"end":{"line":98,"column":23}},"25":{"start":{"line":94,"column":32},"end":{"line":94,"column":74}},"26":{"start":{"line":96,"column":24},"end":{"line":96,"column":62}},"27":{"start":{"line":97,"column":24},"end":{"line":97,"column":38}},"28":{"start":{"line":100,"column":16},"end":{"line":100,"column":59}},"29":{"start":{"line":114,"column":8},"end":{"line":118,"column":9}},"30":{"start":{"line":115,"column":12},"end":{"line":115,"column":114}},"31":{"start":{"line":116,"column":12},"end":{"line":116,"column":30}},"32":{"start":{"line":117,"column":12},"end":{"line":117,"column":63}},"33":{"start":{"line":120,"column":32},"end":{"line":120,"column":68}},"34":{"start":{"line":121,"column":8},"end":{"line":124,"column":9}},"35":{"start":{"line":122,"column":12},"end":{"line":122,"column":37}},"36":{"start":{"line":123,"column":12},"end":{"line":123,"column":62}},"37":{"start":{"line":126,"column":29},"end":{"line":131,"column":10}},"38":{"start":{"line":133,"column":23},"end":{"line":133,"column":64}},"39":{"start":{"line":134,"column":8},"end":{"line":134,"column":48}},"40":{"start":{"line":136,"column":8},"end":{"line":152,"column":15}},"41":{"start":{"line":138,"column":16},"end":{"line":140,"column":17}},"42":{"start":{"line":139,"column":20},"end":{"line":139,"column":50}},"43":{"start":{"line":141,"column":16},"end":{"line":141,"column":39}},"44":{"start":{"line":144,"column":38},"end":{"line":144,"column":91}},"45":{"start":{"line":145,"column":16},"end":{"line":145,"column":56}},"46":{"start":{"line":146,"column":16},"end":{"line":146,"column":39}},"47":{"start":{"line":149,"column":16},"end":{"line":149,"column":54}},"48":{"start":{"line":150,"column":16},"end":{"line":150,"column":90}},"49":{"start":{"line":151,"column":16},"end":{"line":151,"column":59}},"50":{"start":{"line":163,"column":8},"end":{"line":174,"column":11}},"51":{"start":{"line":164,"column":26},"end":{"line":164,"column":150}},"52":{"start":{"line":165,"column":26},"end":{"line":165,"column":150}},"53":{"start":{"line":167,"column":12},"end":{"line":173,"column":13}},"54":{"start":{"line":168,"column":16},"end":{"line":168,"column":26}},"55":{"start":{"line":169,"column":19},"end":{"line":173,"column":13}},"56":{"start":{"line":170,"column":16},"end":{"line":170,"column":25}},"57":{"start":{"line":172,"column":16},"end":{"line":172,"column":25}},"58":{"start":{"line":183,"column":23},"end":{"line":183,"column":57}},"59":{"start":{"line":184,"column":8},"end":{"line":184,"column":52}},"60":{"start":{"line":194,"column":29},"end":{"line":195,"column":76}},"61":{"start":{"line":195,"column":28},"end":{"line":195,"column":75}},"62":{"start":{"line":197,"column":8},"end":{"line":199,"column":12}},"63":{"start":{"line":201,"column":8},"end":{"line":203,"column":9}},"64":{"start":{"line":202,"column":12},"end":{"line":202,"column":41}},"65":{"start":{"line":204,"column":8},"end":{"line":204,"column":53}},"66":{"start":{"line":206,"column":8},"end":{"line":221,"column":52}},"67":{"start":{"line":207,"column":33},"end":{"line":207,"column":68}},"68":{"start":{"line":208,"column":12},"end":{"line":220,"column":13}},"69":{"start":{"line":209,"column":16},"end":{"line":209,"column":42}},"70":{"start":{"line":211,"column":32},"end":{"line":211,"column":60}},"71":{"start":{"line":212,"column":34},"end":{"line":212,"column":79}},"72":{"start":{"line":212,"column":57},"end":{"line":212,"column":78}},"73":{"start":{"line":214,"column":16},"end":{"line":219,"column":17}},"74":{"start":{"line":215,"column":20},"end":{"line":215,"column":49}},"75":{"start":{"line":216,"column":20},"end":{"line":218,"column":24}},"76":{"start":{"line":231,"column":8},"end":{"line":233,"column":11}},"77":{"start":{"line":232,"column":12},"end":{"line":232,"column":24}},"78":{"start":{"line":236,"column":35},"end":{"line":243,"column":9}},"79":{"start":{"line":245,"column":8},"end":{"line":252,"column":11}},"80":{"start":{"line":246,"column":29},"end":{"line":246,"column":64}},"81":{"start":{"line":247,"column":12},"end":{"line":251,"column":15}},"82":{"start":{"line":248,"column":16},"end":{"line":248,"column":42}},"83":{"start":{"line":249,"column":16},"end":{"line":249,"column":43}},"84":{"start":{"line":250,"column":16},"end":{"line":250,"column":34}},"85":{"start":{"line":255,"column":8},"end":{"line":257,"column":11}},"86":{"start":{"line":256,"column":12},"end":{"line":256,"column":29}},"87":{"start":{"line":260,"column":8},"end":{"line":262,"column":16}},"88":{"start":{"line":261,"column":12},"end":{"line":261,"column":54}},"89":{"start":{"line":265,"column":8},"end":{"line":267,"column":12}},"90":{"start":{"line":277,"column":29},"end":{"line":287,"column":10}},"91":{"start":{"line":288,"column":8},"end":{"line":288,"column":45}},"92":{"start":{"line":298,"column":8},"end":{"line":300,"column":9}},"93":{"start":{"line":299,"column":12},"end":{"line":299,"column":27}},"94":{"start":{"line":301,"column":24},"end":{"line":301,"column":48}},"95":{"start":{"line":302,"column":33},"end":{"line":302,"column":45}},"96":{"start":{"line":303,"column":8},"end":{"line":303,"column":98}},"97":{"start":{"line":313,"column":8},"end":{"line":316,"column":10}},"98":{"start":{"line":314,"column":12},"end":{"line":315,"column":24}},"99":{"start":{"line":321,"column":0},"end":{"line":321,"column":35}}},"fnMap":{"0":{"name":"(anonymous_0)","decl":{"start":{"line":10,"column":4},"end":{"line":10,"column":5}},"loc":{"start":{"line":10,"column":18},"end":{"line":18,"column":5}},"line":10},"1":{"name":"(anonymous_1)","decl":{"start":{"line":25,"column":4},"end":{"line":25,"column":5}},"loc":{"start":{"line":25,"column":27},"end":{"line":30,"column":5}},"line":25},"2":{"name":"(anonymous_2)","decl":{"start":{"line":37,"column":4},"end":{"line":37,"column":5}},"loc":{"start":{"line":37,"column":20},"end":{"line":51,"column":5}},"line":37},"3":{"name":"(anonymous_3)","decl":{"start":{"line":38,"column":27},"end":{"line":38,"column":28}},"loc":{"start":{"line":38,"column":48},"end":{"line":50,"column":9}},"line":38},"4":{"name":"(anonymous_4)","decl":{"start":{"line":40,"column":22},"end":{"line":40,"column":23}},"loc":{"start":{"line":40,"column":34},"end":{"line":40,"column":49}},"line":40},"5":{"name":"(anonymous_5)","decl":{"start":{"line":41,"column":22},"end":{"line":41,"column":23}},"loc":{"start":{"line":41,"column":30},"end":{"line":44,"column":17}},"line":41},"6":{"name":"(anonymous_6)","decl":{"start":{"line":45,"column":23},"end":{"line":45,"column":24}},"loc":{"start":{"line":45,"column":32},"end":{"line":49,"column":17}},"line":45},"7":{"name":"(anonymous_7)","decl":{"start":{"line":59,"column":4},"end":{"line":59,"column":5}},"loc":{"start":{"line":59,"column":30},"end":{"line":68,"column":5}},"line":59},"8":{"name":"(anonymous_8)","decl":{"start":{"line":61,"column":20},"end":{"line":61,"column":21}},"loc":{"start":{"line":62,"column":16},"end":{"line":64,"column":67}},"line":62},"9":{"name":"(anonymous_9)","decl":{"start":{"line":66,"column":18},"end":{"line":66,"column":19}},"loc":{"start":{"line":66,"column":28},"end":{"line":66,"column":69}},"line":66},"10":{"name":"(anonymous_10)","decl":{"start":{"line":67,"column":17},"end":{"line":67,"column":18}},"loc":{"start":{"line":67,"column":30},"end":{"line":67,"column":65}},"line":67},"11":{"name":"(anonymous_11)","decl":{"start":{"line":75,"column":4},"end":{"line":75,"column":5}},"loc":{"start":{"line":75,"column":27},"end":{"line":81,"column":5}},"line":75},"12":{"name":"(anonymous_12)","decl":{"start":{"line":89,"column":4},"end":{"line":89,"column":5}},"loc":{"start":{"line":89,"column":18},"end":{"line":103,"column":5}},"line":89},"13":{"name":"(anonymous_13)","decl":{"start":{"line":90,"column":27},"end":{"line":90,"column":28}},"loc":{"start":{"line":90,"column":48},"end":{"line":102,"column":9}},"line":90},"14":{"name":"(anonymous_14)","decl":{"start":{"line":94,"column":26},"end":{"line":94,"column":27}},"loc":{"start":{"line":94,"column":32},"end":{"line":94,"column":74}},"line":94},"15":{"name":"(anonymous_15)","decl":{"start":{"line":95,"column":27},"end":{"line":95,"column":28}},"loc":{"start":{"line":95,"column":36},"end":{"line":98,"column":21}},"line":95},"16":{"name":"(anonymous_16)","decl":{"start":{"line":113,"column":4},"end":{"line":113,"column":5}},"loc":{"start":{"line":113,"column":42},"end":{"line":153,"column":5}},"line":113},"17":{"name":"(anonymous_17)","decl":{"start":{"line":137,"column":18},"end":{"line":137,"column":19}},"loc":{"start":{"line":137,"column":30},"end":{"line":142,"column":13}},"line":137},"18":{"name":"(anonymous_18)","decl":{"start":{"line":143,"column":18},"end":{"line":143,"column":19}},"loc":{"start":{"line":143,"column":26},"end":{"line":147,"column":13}},"line":143},"19":{"name":"(anonymous_19)","decl":{"start":{"line":148,"column":19},"end":{"line":148,"column":20}},"loc":{"start":{"line":148,"column":28},"end":{"line":152,"column":13}},"line":148},"20":{"name":"(anonymous_20)","decl":{"start":{"line":162,"column":4},"end":{"line":162,"column":5}},"loc":{"start":{"line":162,"column":51},"end":{"line":175,"column":5}},"line":162},"21":{"name":"(anonymous_21)","decl":{"start":{"line":163,"column":28},"end":{"line":163,"column":29}},"loc":{"start":{"line":163,"column":38},"end":{"line":174,"column":9}},"line":163},"22":{"name":"(anonymous_22)","decl":{"start":{"line":182,"column":4},"end":{"line":182,"column":5}},"loc":{"start":{"line":182,"column":20},"end":{"line":185,"column":5}},"line":182},"23":{"name":"(anonymous_23)","decl":{"start":{"line":193,"column":4},"end":{"line":193,"column":5}},"loc":{"start":{"line":193,"column":33},"end":{"line":222,"column":5}},"line":193},"24":{"name":"(anonymous_24)","decl":{"start":{"line":195,"column":18},"end":{"line":195,"column":19}},"loc":{"start":{"line":195,"column":28},"end":{"line":195,"column":75}},"line":195},"25":{"name":"(anonymous_25)","decl":{"start":{"line":206,"column":43},"end":{"line":206,"column":44}},"loc":{"start":{"line":206,"column":50},"end":{"line":221,"column":9}},"line":206},"26":{"name":"(anonymous_26)","decl":{"start":{"line":212,"column":52},"end":{"line":212,"column":53}},"loc":{"start":{"line":212,"column":57},"end":{"line":212,"column":78}},"line":212},"27":{"name":"(anonymous_27)","decl":{"start":{"line":229,"column":4},"end":{"line":229,"column":5}},"loc":{"start":{"line":229,"column":25},"end":{"line":268,"column":5}},"line":229},"28":{"name":"(anonymous_28)","decl":{"start":{"line":231,"column":61},"end":{"line":231,"column":62}},"loc":{"start":{"line":231,"column":67},"end":{"line":233,"column":9}},"line":231},"29":{"name":"(anonymous_29)","decl":{"start":{"line":245,"column":35},"end":{"line":245,"column":36}},"loc":{"start":{"line":245,"column":47},"end":{"line":252,"column":9}},"line":245},"30":{"name":"(anonymous_30)","decl":{"start":{"line":247,"column":29},"end":{"line":247,"column":30}},"loc":{"start":{"line":247,"column":35},"end":{"line":251,"column":13}},"line":247},"31":{"name":"(anonymous_31)","decl":{"start":{"line":255,"column":86},"end":{"line":255,"column":87}},"loc":{"start":{"line":255,"column":95},"end":{"line":257,"column":9}},"line":255},"32":{"name":"(anonymous_32)","decl":{"start":{"line":260,"column":19},"end":{"line":260,"column":20}},"loc":{"start":{"line":260,"column":25},"end":{"line":262,"column":9}},"line":260},"33":{"name":"(anonymous_33)","decl":{"start":{"line":276,"column":4},"end":{"line":276,"column":5}},"loc":{"start":{"line":276,"column":28},"end":{"line":289,"column":5}},"line":276},"34":{"name":"(anonymous_34)","decl":{"start":{"line":297,"column":4},"end":{"line":297,"column":5}},"loc":{"start":{"line":297,"column":28},"end":{"line":304,"column":5}},"line":297},"35":{"name":"(anonymous_35)","decl":{"start":{"line":312,"column":4},"end":{"line":312,"column":5}},"loc":{"start":{"line":312,"column":32},"end":{"line":317,"column":5}},"line":312},"36":{"name":"(anonymous_36)","decl":{"start":{"line":313,"column":30},"end":{"line":313,"column":31}},"loc":{"start":{"line":314,"column":12},"end":{"line":315,"column":24}},"line":314}},"branchMap":{"0":{"loc":{"start":{"line":13,"column":31},"end":{"line":13,"column":86}},"type":"binary-expr","locations":[{"start":{"line":13,"column":31},"end":{"line":13,"column":49}},{"start":{"line":13,"column":53},"end":{"line":13,"column":75}},{"start":{"line":13,"column":79},"end":{"line":13,"column":86}}],"line":13},"1":{"loc":{"start":{"line":16,"column":38},"end":{"line":16,"column":123}},"type":"binary-expr","locations":[{"start":{"line":16,"column":38},"end":{"line":16,"column":78}},{"start":{"line":16,"column":82},"end":{"line":16,"column":123}}],"line":16},"2":{"loc":{"start":{"line":27,"column":15},"end":{"line":29,"column":16}},"type":"cond-expr","locations":[{"start":{"line":28,"column":12},"end":{"line":28,"column":16}},{"start":{"line":29,"column":12},"end":{"line":29,"column":16}}],"line":27},"3":{"loc":{"start":{"line":62,"column":16},"end":{"line":64,"column":67}},"type":"binary-expr","locations":[{"start":{"line":62,"column":16},"end":{"line":62,"column":37}},{"start":{"line":63,"column":16},"end":{"line":63,"column":38}},{"start":{"line":64,"column":16},"end":{"line":64,"column":32}},{"start":{"line":64,"column":36},"end":{"line":64,"column":67}}],"line":62},"4":{"loc":{"start":{"line":92,"column":12},"end":{"line":101,"column":13}},"type":"if","locations":[{"start":{"line":92,"column":12},"end":{"line":101,"column":13}},{"start":{"line":99,"column":19},"end":{"line":101,"column":13}}],"line":92},"5":{"loc":{"start":{"line":114,"column":8},"end":{"line":118,"column":9}},"type":"if","locations":[{"start":{"line":114,"column":8},"end":{"line":118,"column":9}},{"start":{},"end":{}}],"line":114},"6":{"loc":{"start":{"line":121,"column":8},"end":{"line":124,"column":9}},"type":"if","locations":[{"start":{"line":121,"column":8},"end":{"line":124,"column":9}},{"start":{},"end":{}}],"line":121},"7":{"loc":{"start":{"line":138,"column":16},"end":{"line":140,"column":17}},"type":"if","locations":[{"start":{"line":138,"column":16},"end":{"line":140,"column":17}},{"start":{},"end":{}}],"line":138},"8":{"loc":{"start":{"line":164,"column":26},"end":{"line":164,"column":150}},"type":"binary-expr","locations":[{"start":{"line":164,"column":27},"end":{"line":164,"column":35}},{"start":{"line":164,"column":39},"end":{"line":164,"column":86}},{"start":{"line":164,"column":92},"end":{"line":164,"column":99}},{"start":{"line":164,"column":103},"end":{"line":164,"column":149}}],"line":164},"9":{"loc":{"start":{"line":165,"column":26},"end":{"line":165,"column":150}},"type":"binary-expr","locations":[{"start":{"line":165,"column":27},"end":{"line":165,"column":35}},{"start":{"line":165,"column":39},"end":{"line":165,"column":86}},{"start":{"line":165,"column":92},"end":{"line":165,"column":99}},{"start":{"line":165,"column":103},"end":{"line":165,"column":149}}],"line":165},"10":{"loc":{"start":{"line":167,"column":12},"end":{"line":173,"column":13}},"type":"if","locations":[{"start":{"line":167,"column":12},"end":{"line":173,"column":13}},{"start":{"line":169,"column":19},"end":{"line":173,"column":13}}],"line":167},"11":{"loc":{"start":{"line":167,"column":16},"end":{"line":167,"column":31}},"type":"binary-expr","locations":[{"start":{"line":167,"column":16},"end":{"line":167,"column":21}},{"start":{"line":167,"column":25},"end":{"line":167,"column":31}}],"line":167},"12":{"loc":{"start":{"line":169,"column":19},"end":{"line":173,"column":13}},"type":"if","locations":[{"start":{"line":169,"column":19},"end":{"line":173,"column":13}},{"start":{"line":171,"column":19},"end":{"line":173,"column":13}}],"line":169},"13":{"loc":{"start":{"line":169,"column":23},"end":{"line":169,"column":38}},"type":"binary-expr","locations":[{"start":{"line":169,"column":23},"end":{"line":169,"column":29}},{"start":{"line":169,"column":33},"end":{"line":169,"column":38}}],"line":169},"14":{"loc":{"start":{"line":184,"column":15},"end":{"line":184,"column":51}},"type":"cond-expr","locations":[{"start":{"line":184,"column":24},"end":{"line":184,"column":44}},{"start":{"line":184,"column":47},"end":{"line":184,"column":51}}],"line":184},"15":{"loc":{"start":{"line":195,"column":29},"end":{"line":195,"column":49}},"type":"binary-expr","locations":[{"start":{"line":195,"column":29},"end":{"line":195,"column":44}},{"start":{"line":195,"column":48},"end":{"line":195,"column":49}}],"line":195},"16":{"loc":{"start":{"line":195,"column":54},"end":{"line":195,"column":74}},"type":"binary-expr","locations":[{"start":{"line":195,"column":54},"end":{"line":195,"column":69}},{"start":{"line":195,"column":73},"end":{"line":195,"column":74}}],"line":195},"17":{"loc":{"start":{"line":201,"column":8},"end":{"line":203,"column":9}},"type":"if","locations":[{"start":{"line":201,"column":8},"end":{"line":203,"column":9}},{"start":{},"end":{}}],"line":201},"18":{"loc":{"start":{"line":208,"column":12},"end":{"line":220,"column":13}},"type":"if","locations":[{"start":{"line":208,"column":12},"end":{"line":220,"column":13}},{"start":{},"end":{}}],"line":208},"19":{"loc":{"start":{"line":214,"column":16},"end":{"line":219,"column":17}},"type":"if","locations":[{"start":{"line":214,"column":16},"end":{"line":219,"column":17}},{"start":{},"end":{}}],"line":214},"20":{"loc":{"start":{"line":282,"column":31},"end":{"line":282,"column":130}},"type":"cond-expr","locations":[{"start":{"line":282,"column":91},"end":{"line":282,"column":123}},{"start":{"line":282,"column":126},"end":{"line":282,"column":130}}],"line":282},"21":{"loc":{"start":{"line":282,"column":31},"end":{"line":282,"column":88}},"type":"binary-expr","locations":[{"start":{"line":282,"column":31},"end":{"line":282,"column":56}},{"start":{"line":282,"column":60},"end":{"line":282,"column":88}}],"line":282},"22":{"loc":{"start":{"line":298,"column":8},"end":{"line":300,"column":9}},"type":"if","locations":[{"start":{"line":298,"column":8},"end":{"line":300,"column":9}},{"start":{},"end":{}}],"line":298},"23":{"loc":{"start":{"line":314,"column":12},"end":{"line":315,"column":24}},"type":"binary-expr","locations":[{"start":{"line":314,"column":12},"end":{"line":314,"column":22}},{"start":{"line":315,"column":12},"end":{"line":315,"column":24}}],"line":314}},"s":{"0":7,"1":7,"2":7,"3":7,"4":7,"5":7,"6":7,"7":10,"8":10,"9":1,"10":1,"11":1,"12":1,"13":1,"14":0,"15":0,"16":0,"17":2,"18":5,"19":1,"20":3,"21":1,"22":0,"23":0,"24":0,"25":0,"26":0,"27":0,"28":0,"29":0,"30":0,"31":0,"32":0,"33":0,"34":0,"35":0,"36":0,"37":0,"38":0,"39":0,"40":0,"41":0,"42":0,"43":0,"44":0,"45":0,"46":0,"47":0,"48":0,"49":0,"50":0,"51":0,"52":0,"53":0,"54":0,"55":0,"56":0,"57":0,"58":0,"59":0,"60":1,"61":1,"62":1,"63":1,"64":1,"65":1,"66":1,"67":0,"68":0,"69":0,"70":0,"71":0,"72":0,"73":0,"74":0,"75":0,"76":0,"77":0,"78":0,"79":0,"80":0,"81":0,"82":0,"83":0,"84":0,"85":0,"86":0,"87":0,"88":0,"89":0,"90":0,"91":0,"92":3,"93":1,"94":2,"95":2,"96":2,"97":1,"98":3,"99":1},"f":{"0":7,"1":10,"2":1,"3":1,"4":1,"5":1,"6":0,"7":2,"8":5,"9":1,"10":3,"11":1,"12":0,"13":0,"14":0,"15":0,"16":0,"17":0,"18":0,"19":0,"20":0,"21":0,"22":0,"23":1,"24":1,"25":0,"26":0,"27":0,"28":0,"29":0,"30":0,"31":0,"32":0,"33":0,"34":3,"35":1,"36":3},"b":{"0":[7,0,0],"1":[7,7],"2":[9,1],"3":[5,4,4,4],"4":[0,0],"5":[0,0],"6":[0,0],"7":[0,0],"8":[0,0,0,0],"9":[0,0,0,0],"10":[0,0],"11":[0,0],"12":[0,0],"13":[0,0],"14":[0,0],"15":[1,0],"16":[1,0],"17":[1,0],"18":[0,0],"19":[0,0],"20":[0,0],"21":[0,0],"22":[1,2],"23":[3,2]},"_coverageSchema":"1a1c01bbd47fc00a2c39e90264f33305004495a9","hash":"aea0c8b4e0a836f3b3524daf9eeb99446c47d16b"}
,"/var/www/vari/audiobookTube/public/js/ui-manager.js": {"path":"/var/www/vari/audiobookTube/public/js/ui-manager.js","statementMap":{"0":{"start":{"line":10,"column":8},"end":{"line":20,"column":10}},"1":{"start":{"line":22,"column":8},"end":{"line":22,"column":20}},"2":{"start":{"line":29,"column":8},"end":{"line":29,"column":31}},"3":{"start":{"line":30,"column":8},"end":{"line":30,"column":35}},"4":{"start":{"line":31,"column":8},"end":{"line":31,"column":32}},"5":{"start":{"line":32,"column":8},"end":{"line":32,"column":40}},"6":{"start":{"line":39,"column":8},"end":{"line":41,"column":9}},"7":{"start":{"line":40,"column":12},"end":{"line":40,"column":19}},"8":{"start":{"line":43,"column":8},"end":{"line":45,"column":11}},"9":{"start":{"line":44,"column":12},"end":{"line":44,"column":65}},"10":{"start":{"line":52,"column":8},"end":{"line":54,"column":9}},"11":{"start":{"line":53,"column":12},"end":{"line":53,"column":19}},"12":{"start":{"line":56,"column":8},"end":{"line":58,"column":11}},"13":{"start":{"line":57,"column":12},"end":{"line":57,"column":34}},"14":{"start":{"line":67,"column":27},"end":{"line":68,"column":63}},"15":{"start":{"line":70,"column":8},"end":{"line":70,"column":69}},"16":{"start":{"line":72,"column":8},"end":{"line":74,"column":9}},"17":{"start":{"line":73,"column":12},"end":{"line":73,"column":93}},"18":{"start":{"line":76,"column":8},"end":{"line":76,"column":53}},"19":{"start":{"line":83,"column":8},"end":{"line":85,"column":9}},"20":{"start":{"line":84,"column":12},"end":{"line":84,"column":38}},"21":{"start":{"line":92,"column":8},"end":{"line":96,"column":11}},"22":{"start":{"line":93,"column":12},"end":{"line":95,"column":13}},"23":{"start":{"line":94,"column":16},"end":{"line":94,"column":47}},"24":{"start":{"line":103,"column":8},"end":{"line":105,"column":9}},"25":{"start":{"line":104,"column":12},"end":{"line":104,"column":68}},"26":{"start":{"line":112,"column":8},"end":{"line":114,"column":9}},"27":{"start":{"line":113,"column":12},"end":{"line":113,"column":65}},"28":{"start":{"line":123,"column":8},"end":{"line":125,"column":9}},"29":{"start":{"line":124,"column":12},"end":{"line":124,"column":19}},"30":{"start":{"line":127,"column":8},"end":{"line":162,"column":9}},"31":{"start":{"line":128,"column":12},"end":{"line":155,"column":24}},"32":{"start":{"line":128,"column":76},"end":{"line":155,"column":13}},"33":{"start":{"line":157,"column":12},"end":{"line":161,"column":14}},"34":{"start":{"line":171,"column":8},"end":{"line":173,"column":9}},"35":{"start":{"line":172,"column":12},"end":{"line":172,"column":19}},"36":{"start":{"line":175,"column":8},"end":{"line":178,"column":9}},"37":{"start":{"line":176,"column":12},"end":{"line":176,"column":65}},"38":{"start":{"line":177,"column":12},"end":{"line":177,"column":19}},"39":{"start":{"line":180,"column":8},"end":{"line":180,"column":64}},"40":{"start":{"line":182,"column":25},"end":{"line":182,"column":71}},"41":{"start":{"line":183,"column":8},"end":{"line":185,"column":9}},"42":{"start":{"line":184,"column":12},"end":{"line":184,"column":19}},"43":{"start":{"line":187,"column":8},"end":{"line":187,"column":49}},"44":{"start":{"line":189,"column":8},"end":{"line":192,"column":11}},"45":{"start":{"line":190,"column":32},"end":{"line":190,"column":70}},"46":{"start":{"line":191,"column":12},"end":{"line":191,"column":63}},"47":{"start":{"line":203,"column":22},"end":{"line":203,"column":65}},"48":{"start":{"line":205,"column":22},"end":{"line":205,"column":48}},"49":{"start":{"line":206,"column":8},"end":{"line":209,"column":9}},"50":{"start":{"line":207,"column":12},"end":{"line":207,"column":45}},"51":{"start":{"line":208,"column":12},"end":{"line":208,"column":41}},"52":{"start":{"line":211,"column":24},"end":{"line":211,"column":59}},"53":{"start":{"line":212,"column":8},"end":{"line":214,"column":9}},"54":{"start":{"line":213,"column":12},"end":{"line":213,"column":69}},"55":{"start":{"line":216,"column":28},"end":{"line":216,"column":67}},"56":{"start":{"line":217,"column":8},"end":{"line":219,"column":9}},"57":{"start":{"line":218,"column":12},"end":{"line":218,"column":85}},"58":{"start":{"line":221,"column":27},"end":{"line":221,"column":65}},"59":{"start":{"line":222,"column":8},"end":{"line":224,"column":9}},"60":{"start":{"line":223,"column":12},"end":{"line":223,"column":62}},"61":{"start":{"line":226,"column":22},"end":{"line":226,"column":55}},"62":{"start":{"line":227,"column":8},"end":{"line":229,"column":9}},"63":{"start":{"line":228,"column":12},"end":{"line":228,"column":86}},"64":{"start":{"line":231,"column":28},"end":{"line":231,"column":64}},"65":{"start":{"line":232,"column":8},"end":{"line":237,"column":9}},"66":{"start":{"line":233,"column":32},"end":{"line":233,"column":65}},"67":{"start":{"line":234,"column":33},"end":{"line":234,"column":67}},"68":{"start":{"line":235,"column":28},"end":{"line":235,"column":94}},"69":{"start":{"line":236,"column":12},"end":{"line":236,"column":52}},"70":{"start":{"line":239,"column":26},"end":{"line":239,"column":62}},"71":{"start":{"line":240,"column":8},"end":{"line":242,"column":9}},"72":{"start":{"line":241,"column":12},"end":{"line":241,"column":67}},"73":{"start":{"line":244,"column":26},"end":{"line":244,"column":60}},"74":{"start":{"line":245,"column":8},"end":{"line":250,"column":9}},"75":{"start":{"line":246,"column":12},"end":{"line":249,"column":15}},"76":{"start":{"line":247,"column":16},"end":{"line":247,"column":36}},"77":{"start":{"line":248,"column":16},"end":{"line":248,"column":48}},"78":{"start":{"line":252,"column":8},"end":{"line":252,"column":21}},"79":{"start":{"line":261,"column":24},"end":{"line":261,"column":80}},"80":{"start":{"line":262,"column":31},"end":{"line":262,"column":74}},"81":{"start":{"line":262,"column":54},"end":{"line":262,"column":73}},"82":{"start":{"line":263,"column":8},"end":{"line":263,"column":77}},"83":{"start":{"line":265,"column":8},"end":{"line":267,"column":12}},"84":{"start":{"line":277,"column":8},"end":{"line":279,"column":9}},"85":{"start":{"line":278,"column":12},"end":{"line":278,"column":21}},"86":{"start":{"line":281,"column":22},"end":{"line":281,"column":53}},"87":{"start":{"line":283,"column":8},"end":{"line":287,"column":9}},"88":{"start":{"line":284,"column":12},"end":{"line":284,"column":62}},"89":{"start":{"line":285,"column":15},"end":{"line":287,"column":9}},"90":{"start":{"line":286,"column":12},"end":{"line":286,"column":44}},"91":{"start":{"line":289,"column":8},"end":{"line":289,"column":17}},"92":{"start":{"line":294,"column":0},"end":{"line":294,"column":35}}},"fnMap":{"0":{"name":"(anonymous_0)","decl":{"start":{"line":9,"column":4},"end":{"line":9,"column":5}},"loc":{"start":{"line":9,"column":18},"end":{"line":23,"column":5}},"line":9},"1":{"name":"(anonymous_1)","decl":{"start":{"line":28,"column":4},"end":{"line":28,"column":5}},"loc":{"start":{"line":28,"column":11},"end":{"line":33,"column":5}},"line":28},"2":{"name":"(anonymous_2)","decl":{"start":{"line":38,"column":4},"end":{"line":38,"column":5}},"loc":{"start":{"line":38,"column":22},"end":{"line":46,"column":5}},"line":38},"3":{"name":"(anonymous_3)","decl":{"start":{"line":43,"column":62},"end":{"line":43,"column":63}},"loc":{"start":{"line":43,"column":68},"end":{"line":45,"column":9}},"line":43},"4":{"name":"(anonymous_4)","decl":{"start":{"line":51,"column":4},"end":{"line":51,"column":5}},"loc":{"start":{"line":51,"column":26},"end":{"line":59,"column":5}},"line":51},"5":{"name":"(anonymous_5)","decl":{"start":{"line":56,"column":63},"end":{"line":56,"column":64}},"loc":{"start":{"line":56,"column":69},"end":{"line":58,"column":9}},"line":56},"6":{"name":"(anonymous_6)","decl":{"start":{"line":66,"column":4},"end":{"line":66,"column":5}},"loc":{"start":{"line":66,"column":28},"end":{"line":77,"column":5}},"line":66},"7":{"name":"(anonymous_7)","decl":{"start":{"line":82,"column":4},"end":{"line":82,"column":5}},"loc":{"start":{"line":82,"column":23},"end":{"line":86,"column":5}},"line":82},"8":{"name":"(anonymous_8)","decl":{"start":{"line":91,"column":4},"end":{"line":91,"column":5}},"loc":{"start":{"line":91,"column":31},"end":{"line":97,"column":5}},"line":91},"9":{"name":"(anonymous_9)","decl":{"start":{"line":92,"column":70},"end":{"line":92,"column":71}},"loc":{"start":{"line":92,"column":77},"end":{"line":96,"column":9}},"line":92},"10":{"name":"(anonymous_10)","decl":{"start":{"line":102,"column":4},"end":{"line":102,"column":5}},"loc":{"start":{"line":102,"column":18},"end":{"line":106,"column":5}},"line":102},"11":{"name":"(anonymous_11)","decl":{"start":{"line":111,"column":4},"end":{"line":111,"column":5}},"loc":{"start":{"line":111,"column":18},"end":{"line":115,"column":5}},"line":111},"12":{"name":"(anonymous_12)","decl":{"start":{"line":122,"column":4},"end":{"line":122,"column":5}},"loc":{"start":{"line":122,"column":29},"end":{"line":163,"column":5}},"line":122},"13":{"name":"(anonymous_13)","decl":{"start":{"line":128,"column":67},"end":{"line":128,"column":68}},"loc":{"start":{"line":128,"column":76},"end":{"line":155,"column":13}},"line":128},"14":{"name":"(anonymous_14)","decl":{"start":{"line":170,"column":4},"end":{"line":170,"column":5}},"loc":{"start":{"line":170,"column":29},"end":{"line":193,"column":5}},"line":170},"15":{"name":"(anonymous_15)","decl":{"start":{"line":189,"column":36},"end":{"line":189,"column":37}},"loc":{"start":{"line":189,"column":44},"end":{"line":192,"column":9}},"line":189},"16":{"name":"(anonymous_16)","decl":{"start":{"line":202,"column":4},"end":{"line":202,"column":5}},"loc":{"start":{"line":202,"column":38},"end":{"line":253,"column":5}},"line":202},"17":{"name":"(anonymous_17)","decl":{"start":{"line":246,"column":48},"end":{"line":246,"column":49}},"loc":{"start":{"line":246,"column":55},"end":{"line":249,"column":13}},"line":246},"18":{"name":"(anonymous_18)","decl":{"start":{"line":260,"column":4},"end":{"line":260,"column":5}},"loc":{"start":{"line":260,"column":31},"end":{"line":268,"column":5}},"line":260},"19":{"name":"(anonymous_19)","decl":{"start":{"line":262,"column":46},"end":{"line":262,"column":47}},"loc":{"start":{"line":262,"column":54},"end":{"line":262,"column":73}},"line":262},"20":{"name":"(anonymous_20)","decl":{"start":{"line":276,"column":4},"end":{"line":276,"column":5}},"loc":{"start":{"line":276,"column":28},"end":{"line":290,"column":5}},"line":276}},"branchMap":{"0":{"loc":{"start":{"line":39,"column":8},"end":{"line":41,"column":9}},"type":"if","locations":[{"start":{"line":39,"column":8},"end":{"line":41,"column":9}},{"start":{},"end":{}}],"line":39},"1":{"loc":{"start":{"line":39,"column":12},"end":{"line":39,"column":69}},"type":"binary-expr","locations":[{"start":{"line":39,"column":12},"end":{"line":39,"column":40}},{"start":{"line":39,"column":44},"end":{"line":39,"column":69}}],"line":39},"2":{"loc":{"start":{"line":52,"column":8},"end":{"line":54,"column":9}},"type":"if","locations":[{"start":{"line":52,"column":8},"end":{"line":54,"column":9}},{"start":{},"end":{}}],"line":52},"3":{"loc":{"start":{"line":67,"column":27},"end":{"line":68,"column":63}},"type":"cond-expr","locations":[{"start":{"line":67,"column":51},"end":{"line":67,"column":58}},{"start":{"line":68,"column":12},"end":{"line":68,"column":63}}],"line":67},"4":{"loc":{"start":{"line":72,"column":8},"end":{"line":74,"column":9}},"type":"if","locations":[{"start":{"line":72,"column":8},"end":{"line":74,"column":9}},{"start":{},"end":{}}],"line":72},"5":{"loc":{"start":{"line":83,"column":8},"end":{"line":85,"column":9}},"type":"if","locations":[{"start":{"line":83,"column":8},"end":{"line":85,"column":9}},{"start":{},"end":{}}],"line":83},"6":{"loc":{"start":{"line":93,"column":12},"end":{"line":95,"column":13}},"type":"if","locations":[{"start":{"line":93,"column":12},"end":{"line":95,"column":13}},{"start":{},"end":{}}],"line":93},"7":{"loc":{"start":{"line":103,"column":8},"end":{"line":105,"column":9}},"type":"if","locations":[{"start":{"line":103,"column":8},"end":{"line":105,"column":9}},{"start":{},"end":{}}],"line":103},"8":{"loc":{"start":{"line":112,"column":8},"end":{"line":114,"column":9}},"type":"if","locations":[{"start":{"line":112,"column":8},"end":{"line":114,"column":9}},{"start":{},"end":{}}],"line":112},"9":{"loc":{"start":{"line":123,"column":8},"end":{"line":125,"column":9}},"type":"if","locations":[{"start":{"line":123,"column":8},"end":{"line":125,"column":9}},{"start":{},"end":{}}],"line":123},"10":{"loc":{"start":{"line":123,"column":12},"end":{"line":123,"column":70}},"type":"binary-expr","locations":[{"start":{"line":123,"column":12},"end":{"line":123,"column":43}},{"start":{"line":123,"column":47},"end":{"line":123,"column":70}}],"line":123},"11":{"loc":{"start":{"line":133,"column":36},"end":{"line":133,"column":73}},"type":"binary-expr","locations":[{"start":{"line":133,"column":36},"end":{"line":133,"column":67}},{"start":{"line":133,"column":71},"end":{"line":133,"column":73}}],"line":133},"12":{"loc":{"start":{"line":134,"column":36},"end":{"line":134,"column":71}},"type":"binary-expr","locations":[{"start":{"line":134,"column":36},"end":{"line":134,"column":65}},{"start":{"line":134,"column":69},"end":{"line":134,"column":71}}],"line":134},"13":{"loc":{"start":{"line":137,"column":30},"end":{"line":137,"column":103}},"type":"cond-expr","locations":[{"start":{"line":137,"column":52},"end":{"line":137,"column":93}},{"start":{"line":137,"column":96},"end":{"line":137,"column":103}}],"line":137},"14":{"loc":{"start":{"line":142,"column":30},"end":{"line":142,"column":77}},"type":"binary-expr","locations":[{"start":{"line":142,"column":30},"end":{"line":142,"column":49}},{"start":{"line":142,"column":53},"end":{"line":142,"column":77}}],"line":142},"15":{"loc":{"start":{"line":146,"column":34},"end":{"line":146,"column":70}},"type":"binary-expr","locations":[{"start":{"line":146,"column":34},"end":{"line":146,"column":46}},{"start":{"line":146,"column":50},"end":{"line":146,"column":70}}],"line":146},"16":{"loc":{"start":{"line":150,"column":34},"end":{"line":150,"column":148}},"type":"cond-expr","locations":[{"start":{"line":150,"column":52},"end":{"line":150,"column":112}},{"start":{"line":150,"column":115},"end":{"line":150,"column":148}}],"line":150},"17":{"loc":{"start":{"line":171,"column":8},"end":{"line":173,"column":9}},"type":"if","locations":[{"start":{"line":171,"column":8},"end":{"line":173,"column":9}},{"start":{},"end":{}}],"line":171},"18":{"loc":{"start":{"line":171,"column":12},"end":{"line":171,"column":71}},"type":"binary-expr","locations":[{"start":{"line":171,"column":12},"end":{"line":171,"column":41}},{"start":{"line":171,"column":45},"end":{"line":171,"column":71}}],"line":171},"19":{"loc":{"start":{"line":175,"column":8},"end":{"line":178,"column":9}},"type":"if","locations":[{"start":{"line":175,"column":8},"end":{"line":178,"column":9}},{"start":{},"end":{}}],"line":175},"20":{"loc":{"start":{"line":175,"column":12},"end":{"line":175,"column":44}},"type":"binary-expr","locations":[{"start":{"line":175,"column":12},"end":{"line":175,"column":20}},{"start":{"line":175,"column":24},"end":{"line":175,"column":44}}],"line":175},"21":{"loc":{"start":{"line":183,"column":8},"end":{"line":185,"column":9}},"type":"if","locations":[{"start":{"line":183,"column":8},"end":{"line":185,"column":9}},{"start":{},"end":{}}],"line":183},"22":{"loc":{"start":{"line":206,"column":8},"end":{"line":209,"column":9}},"type":"if","locations":[{"start":{"line":206,"column":8},"end":{"line":209,"column":9}},{"start":{},"end":{}}],"line":206},"23":{"loc":{"start":{"line":207,"column":24},"end":{"line":207,"column":44}},"type":"binary-expr","locations":[{"start":{"line":207,"column":24},"end":{"line":207,"column":38}},{"start":{"line":207,"column":42},"end":{"line":207,"column":44}}],"line":207},"24":{"loc":{"start":{"line":208,"column":24},"end":{"line":208,"column":40}},"type":"binary-expr","locations":[{"start":{"line":208,"column":24},"end":{"line":208,"column":34}},{"start":{"line":208,"column":38},"end":{"line":208,"column":40}}],"line":208},"25":{"loc":{"start":{"line":212,"column":8},"end":{"line":214,"column":9}},"type":"if","locations":[{"start":{"line":212,"column":8},"end":{"line":214,"column":9}},{"start":{},"end":{}}],"line":212},"26":{"loc":{"start":{"line":213,"column":34},"end":{"line":213,"column":68}},"type":"binary-expr","locations":[{"start":{"line":213,"column":34},"end":{"line":213,"column":44}},{"start":{"line":213,"column":48},"end":{"line":213,"column":68}}],"line":213},"27":{"loc":{"start":{"line":217,"column":8},"end":{"line":219,"column":9}},"type":"if","locations":[{"start":{"line":217,"column":8},"end":{"line":219,"column":9}},{"start":{},"end":{}}],"line":217},"28":{"loc":{"start":{"line":218,"column":38},"end":{"line":218,"column":84}},"type":"binary-expr","locations":[{"start":{"line":218,"column":38},"end":{"line":218,"column":74}},{"start":{"line":218,"column":78},"end":{"line":218,"column":84}}],"line":218},"29":{"loc":{"start":{"line":222,"column":8},"end":{"line":224,"column":9}},"type":"if","locations":[{"start":{"line":222,"column":8},"end":{"line":224,"column":9}},{"start":{},"end":{}}],"line":222},"30":{"loc":{"start":{"line":223,"column":37},"end":{"line":223,"column":61}},"type":"binary-expr","locations":[{"start":{"line":223,"column":37},"end":{"line":223,"column":50}},{"start":{"line":223,"column":54},"end":{"line":223,"column":61}}],"line":223},"31":{"loc":{"start":{"line":227,"column":8},"end":{"line":229,"column":9}},"type":"if","locations":[{"start":{"line":227,"column":8},"end":{"line":229,"column":9}},{"start":{},"end":{}}],"line":227},"32":{"loc":{"start":{"line":228,"column":32},"end":{"line":228,"column":85}},"type":"binary-expr","locations":[{"start":{"line":228,"column":32},"end":{"line":228,"column":68}},{"start":{"line":228,"column":72},"end":{"line":228,"column":85}}],"line":228},"33":{"loc":{"start":{"line":232,"column":8},"end":{"line":237,"column":9}},"type":"if","locations":[{"start":{"line":232,"column":8},"end":{"line":237,"column":9}},{"start":{},"end":{}}],"line":232},"34":{"loc":{"start":{"line":232,"column":12},"end":{"line":232,"column":58}},"type":"binary-expr","locations":[{"start":{"line":232,"column":12},"end":{"line":232,"column":23}},{"start":{"line":232,"column":27},"end":{"line":232,"column":40}},{"start":{"line":232,"column":44},"end":{"line":232,"column":58}}],"line":232},"35":{"loc":{"start":{"line":235,"column":28},"end":{"line":235,"column":94}},"type":"binary-expr","locations":[{"start":{"line":235,"column":28},"end":{"line":235,"column":89}},{"start":{"line":235,"column":93},"end":{"line":235,"column":94}}],"line":235},"36":{"loc":{"start":{"line":240,"column":8},"end":{"line":242,"column":9}},"type":"if","locations":[{"start":{"line":240,"column":8},"end":{"line":242,"column":9}},{"start":{},"end":{}}],"line":240},"37":{"loc":{"start":{"line":241,"column":52},"end":{"line":241,"column":65}},"type":"binary-expr","locations":[{"start":{"line":241,"column":52},"end":{"line":241,"column":59}},{"start":{"line":241,"column":63},"end":{"line":241,"column":65}}],"line":241},"38":{"loc":{"start":{"line":245,"column":8},"end":{"line":250,"column":9}},"type":"if","locations":[{"start":{"line":245,"column":8},"end":{"line":250,"column":9}},{"start":{},"end":{}}],"line":245},"39":{"loc":{"start":{"line":261,"column":35},"end":{"line":261,"column":79}},"type":"binary-expr","locations":[{"start":{"line":261,"column":35},"end":{"line":261,"column":71}},{"start":{"line":261,"column":75},"end":{"line":261,"column":79}}],"line":261},"40":{"loc":{"start":{"line":277,"column":8},"end":{"line":279,"column":9}},"type":"if","locations":[{"start":{"line":277,"column":8},"end":{"line":279,"column":9}},{"start":{},"end":{}}],"line":277},"41":{"loc":{"start":{"line":283,"column":8},"end":{"line":287,"column":9}},"type":"if","locations":[{"start":{"line":283,"column":8},"end":{"line":287,"column":9}},{"start":{"line":285,"column":15},"end":{"line":287,"column":9}}],"line":283},"42":{"loc":{"start":{"line":285,"column":15},"end":{"line":287,"column":9}},"type":"if","locations":[{"start":{"line":285,"column":15},"end":{"line":287,"column":9}},{"start":{},"end":{}}],"line":285}},"s":{"0":0,"1":0,"2":0,"3":0,"4":0,"5":0,"6":0,"7":0,"8":0,"9":0,"10":0,"11":0,"12":0,"13":0,"14":0,"15":0,"16":0,"17":0,"18":0,"19":0,"20":0,"21":0,"22":0,"23":0,"24":0,"25":0,"26":0,"27":0,"28":0,"29":0,"30":0,"31":0,"32":0,"33":0,"34":0,"35":0,"36":0,"37":0,"38":0,"39":0,"40":0,"41":0,"42":0,"43":0,"44":0,"45":0,"46":0,"47":0,"48":0,"49":0,"50":0,"51":0,"52":0,"53":0,"54":0,"55":0,"56":0,"57":0,"58":0,"59":0,"60":0,"61":0,"62":0,"63":0,"64":0,"65":0,"66":0,"67":0,"68":0,"69":0,"70":0,"71":0,"72":0,"73":0,"74":0,"75":0,"76":0,"77":0,"78":0,"79":0,"80":0,"81":0,"82":0,"83":0,"84":0,"85":0,"86":0,"87":0,"88":0,"89":0,"90":0,"91":0,"92":0},"f":{"0":0,"1":0,"2":0,"3":0,"4":0,"5":0,"6":0,"7":0,"8":0,"9":0,"10":0,"11":0,"12":0,"13":0,"14":0,"15":0,"16":0,"17":0,"18":0,"19":0,"20":0},"b":{"0":[0,0],"1":[0,0],"2":[0,0],"3":[0,0],"4":[0,0],"5":[0,0],"6":[0,0],"7":[0,0],"8":[0,0],"9":[0,0],"10":[0,0],"11":[0,0],"12":[0,0],"13":[0,0],"14":[0,0],"15":[0,0],"16":[0,0],"17":[0,0],"18":[0,0],"19":[0,0],"20":[0,0],"21":[0,0],"22":[0,0],"23":[0,0],"24":[0,0],"25":[0,0],"26":[0,0],"27":[0,0],"28":[0,0],"29":[0,0],"30":[0,0],"31":[0,0],"32":[0,0],"33":[0,0],"34":[0,0,0],"35":[0,0],"36":[0,0],"37":[0,0],"38":[0,0],"39":[0,0],"40":[0,0],"41":[0,0],"42":[0,0]}}
,"/var/www/vari/audiobookTube/public/js/utils.js": {"path":"/var/www/vari/audiobookTube/public/js/utils.js","statementMap":{"0":{"start":{"line":12,"column":4},"end":{"line":14,"column":5}},"1":{"start":{"line":13,"column":8},"end":{"line":13,"column":23}},"2":{"start":{"line":16,"column":18},"end":{"line":16,"column":44}},"3":{"start":{"line":17,"column":20},"end":{"line":17,"column":53}},"4":{"start":{"line":18,"column":29},"end":{"line":18,"column":41}},"5":{"start":{"line":20,"column":4},"end":{"line":24,"column":5}},"6":{"start":{"line":21,"column":8},"end":{"line":21,"column":113}},"7":{"start":{"line":23,"column":8},"end":{"line":23,"column":76}},"8":{"start":{"line":34,"column":4},"end":{"line":37,"column":22}},"9":{"start":{"line":47,"column":17},"end":{"line":47,"column":90}},"10":{"start":{"line":48,"column":16},"end":{"line":48,"column":26}},"11":{"start":{"line":49,"column":19},"end":{"line":49,"column":29}},"12":{"start":{"line":50,"column":20},"end":{"line":50,"column":45}},"13":{"start":{"line":51,"column":20},"end":{"line":51,"column":44}},"14":{"start":{"line":52,"column":21},"end":{"line":52,"column":45}},"15":{"start":{"line":53,"column":20},"end":{"line":53,"column":45}},"16":{"start":{"line":55,"column":4},"end":{"line":69,"column":5}},"17":{"start":{"line":56,"column":8},"end":{"line":56,"column":24}},"18":{"start":{"line":57,"column":11},"end":{"line":69,"column":5}},"19":{"start":{"line":58,"column":8},"end":{"line":58,"column":70}},"20":{"start":{"line":59,"column":11},"end":{"line":69,"column":5}},"21":{"start":{"line":60,"column":8},"end":{"line":60,"column":66}},"22":{"start":{"line":61,"column":11},"end":{"line":69,"column":5}},"23":{"start":{"line":62,"column":8},"end":{"line":62,"column":70}},"24":{"start":{"line":64,"column":8},"end":{"line":68,"column":11}},"25":{"start":{"line":81,"column":4},"end":{"line":88,"column":6}},"26":{"start":{"line":82,"column":22},"end":{"line":85,"column":9}},"27":{"start":{"line":83,"column":12},"end":{"line":83,"column":34}},"28":{"start":{"line":84,"column":12},"end":{"line":84,"column":26}},"29":{"start":{"line":86,"column":8},"end":{"line":86,"column":30}},"30":{"start":{"line":87,"column":8},"end":{"line":87,"column":42}},"31":{"start":{"line":92,"column":0},"end":{"line":97,"column":2}}},"fnMap":{"0":{"name":"formatDuration","decl":{"start":{"line":11,"column":9},"end":{"line":11,"column":23}},"loc":{"start":{"line":11,"column":33},"end":{"line":25,"column":1}},"line":11},"1":{"name":"abbreviateNumber","decl":{"start":{"line":33,"column":9},"end":{"line":33,"column":25}},"loc":{"start":{"line":33,"column":34},"end":{"line":38,"column":1}},"line":33},"2":{"name":"formatTimeAgo","decl":{"start":{"line":46,"column":9},"end":{"line":46,"column":22}},"loc":{"start":{"line":46,"column":34},"end":{"line":70,"column":1}},"line":46},"3":{"name":"debounce","decl":{"start":{"line":79,"column":9},"end":{"line":79,"column":17}},"loc":{"start":{"line":79,"column":30},"end":{"line":89,"column":1}},"line":79},"4":{"name":"executedFunction","decl":{"start":{"line":81,"column":20},"end":{"line":81,"column":36}},"loc":{"start":{"line":81,"column":46},"end":{"line":88,"column":5}},"line":81},"5":{"name":"(anonymous_5)","decl":{"start":{"line":82,"column":22},"end":{"line":82,"column":23}},"loc":{"start":{"line":82,"column":28},"end":{"line":85,"column":9}},"line":82}},"branchMap":{"0":{"loc":{"start":{"line":12,"column":4},"end":{"line":14,"column":5}},"type":"if","locations":[{"start":{"line":12,"column":4},"end":{"line":14,"column":5}},{"start":{},"end":{}}],"line":12},"1":{"loc":{"start":{"line":20,"column":4},"end":{"line":24,"column":5}},"type":"if","locations":[{"start":{"line":20,"column":4},"end":{"line":24,"column":5}},{"start":{"line":22,"column":11},"end":{"line":24,"column":5}}],"line":20},"2":{"loc":{"start":{"line":47,"column":17},"end":{"line":47,"column":90}},"type":"cond-expr","locations":[{"start":{"line":47,"column":49},"end":{"line":47,"column":68}},{"start":{"line":47,"column":71},"end":{"line":47,"column":90}}],"line":47},"3":{"loc":{"start":{"line":55,"column":4},"end":{"line":69,"column":5}},"type":"if","locations":[{"start":{"line":55,"column":4},"end":{"line":69,"column":5}},{"start":{"line":57,"column":11},"end":{"line":69,"column":5}}],"line":55},"4":{"loc":{"start":{"line":57,"column":11},"end":{"line":69,"column":5}},"type":"if","locations":[{"start":{"line":57,"column":11},"end":{"line":69,"column":5}},{"start":{"line":59,"column":11},"end":{"line":69,"column":5}}],"line":57},"5":{"loc":{"start":{"line":58,"column":29},"end":{"line":58,"column":64}},"type":"cond-expr","locations":[{"start":{"line":58,"column":45},"end":{"line":58,"column":53}},{"start":{"line":58,"column":56},"end":{"line":58,"column":64}}],"line":58},"6":{"loc":{"start":{"line":59,"column":11},"end":{"line":69,"column":5}},"type":"if","locations":[{"start":{"line":59,"column":11},"end":{"line":69,"column":5}},{"start":{"line":61,"column":11},"end":{"line":69,"column":5}}],"line":59},"7":{"loc":{"start":{"line":60,"column":30},"end":{"line":60,"column":60}},"type":"cond-expr","locations":[{"start":{"line":60,"column":47},"end":{"line":60,"column":52}},{"start":{"line":60,"column":55},"end":{"line":60,"column":60}}],"line":60},"8":{"loc":{"start":{"line":61,"column":11},"end":{"line":69,"column":5}},"type":"if","locations":[{"start":{"line":61,"column":11},"end":{"line":69,"column":5}},{"start":{"line":63,"column":11},"end":{"line":69,"column":5}}],"line":61},"9":{"loc":{"start":{"line":62,"column":29},"end":{"line":62,"column":64}},"type":"cond-expr","locations":[{"start":{"line":62,"column":45},"end":{"line":62,"column":53}},{"start":{"line":62,"column":56},"end":{"line":62,"column":64}}],"line":62}},"s":{"0":0,"1":0,"2":0,"3":0,"4":0,"5":0,"6":0,"7":0,"8":0,"9":0,"10":0,"11":0,"12":0,"13":0,"14":0,"15":0,"16":0,"17":0,"18":0,"19":0,"20":0,"21":0,"22":0,"23":0,"24":0,"25":0,"26":0,"27":0,"28":0,"29":0,"30":0,"31":1},"f":{"0":0,"1":0,"2":0,"3":0,"4":0,"5":0},"b":{"0":[0,0],"1":[0,0],"2":[0,0],"3":[0,0],"4":[0,0],"5":[0,0],"6":[0,0],"7":[0,0],"8":[0,0],"9":[0,0]},"_coverageSchema":"1a1c01bbd47fc00a2c39e90264f33305004495a9","hash":"f7fe3ae25e34cca088721f80aa30b72e07d8d4e0"}
}
