TN:
SF:public/js/api-service.js
FN:12,executeSearch
FN:19,(anonymous_1)
FN:25,(anonymous_2)
FN:33,(anonymous_3)
FN:45,performSearch
FN:55,searchByCategory
FN:65,isValidYouTubeUrl
FN:75,extractYouTubeId
FNF:8
FNH:0
FNDA:0,executeSearch
FNDA:0,(anonymous_1)
FNDA:0,(anonymous_2)
FNDA:0,(anonymous_3)
FNDA:0,performSearch
FNDA:0,searchByCategory
FNDA:0,isValidYouTubeUrl
FNDA:0,extractYouTubeId
DA:13,0
DA:20,0
DA:21,0
DA:23,0
DA:26,0
DA:27,0
DA:29,0
DA:31,0
DA:34,0
DA:35,0
DA:46,0
DA:56,0
DA:66,0
DA:76,0
DA:77,0
DA:78,0
DA:82,0
LF:17
LH:0
BRDA:20,0,0,0
BRDA:20,0,1,0
BRDA:26,1,0,0
BRDA:26,1,1,0
BRDA:78,2,0,0
BRDA:78,2,1,0
BRDA:78,3,0,0
BRDA:78,3,1,0
BRF:8
BRH:0
end_of_record
TN:
SF:public/js/event-bus.js
FN:9,(anonymous_0)
FN:20,(anonymous_1)
FN:31,(anonymous_2)
FN:39,(anonymous_3)
FN:51,(anonymous_4)
FN:57,(anonymous_5)
FN:68,(anonymous_6)
FN:80,(anonymous_7)
FN:101,(anonymous_8)
FN:102,(anonymous_9)
FN:116,(anonymous_10)
FNF:11
FNH:0
FNDA:0,(anonymous_0)
FNDA:0,(anonymous_1)
FNDA:0,(anonymous_2)
FNDA:0,(anonymous_3)
FNDA:0,(anonymous_4)
FNDA:0,(anonymous_5)
FNDA:0,(anonymous_6)
FNDA:0,(anonymous_7)
FNDA:0,(anonymous_8)
FNDA:0,(anonymous_9)
FNDA:0,(anonymous_10)
DA:10,0
DA:11,0
DA:21,0
DA:32,0
DA:33,0
DA:36,0
DA:39,0
DA:40,0
DA:52,0
DA:53,0
DA:56,0
DA:57,0
DA:69,0
DA:70,0
DA:73,0
DA:74,0
DA:78,0
DA:80,0
DA:81,0
DA:82,0
DA:84,0
DA:89,0
DA:102,0
DA:103,0
DA:104,0
DA:107,0
DA:117,0
DA:118,0
DA:120,0
DA:126,0
LF:30
LH:0
BRDA:32,0,0,0
BRDA:32,0,1,0
BRDA:52,1,0,0
BRDA:52,1,1,0
BRDA:69,2,0,0
BRDA:69,2,1,0
BRDA:73,3,0,0
BRDA:73,3,1,0
BRDA:117,4,0,0
BRDA:117,4,1,0
BRF:10
BRH:0
end_of_record
TN:
SF:public/js/main.js
FN:5,(anonymous_0)
FN:10,(anonymous_1)
FN:12,(anonymous_2)
FN:19,(anonymous_3)
FN:24,(anonymous_4)
FN:39,init
FN:50,setupMobileMenu
FN:53,(anonymous_7)
FN:61,setupDarkModeToggle
FN:64,(anonymous_9)
FN:74,toggleDarkMode
FN:86,applyStoredTheme
FN:95,setupMediaQueryListeners
FN:96,(anonymous_13)
FN:106,initHistory
FN:111,(anonymous_15)
FN:126,handleUniversalInput
FN:146,handleSearchInput
FN:158,addContentItem
FNF:19
FNH:0
FNDA:0,(anonymous_0)
FNDA:0,(anonymous_1)
FNDA:0,(anonymous_2)
FNDA:0,(anonymous_3)
FNDA:0,(anonymous_4)
FNDA:0,init
FNDA:0,setupMobileMenu
FNDA:0,(anonymous_7)
FNDA:0,setupDarkModeToggle
FNDA:0,(anonymous_9)
FNDA:0,toggleDarkMode
FNDA:0,applyStoredTheme
FNDA:0,setupMediaQueryListeners
FNDA:0,(anonymous_13)
FNDA:0,initHistory
FNDA:0,(anonymous_15)
FNDA:0,handleUniversalInput
FNDA:0,handleSearchInput
FNDA:0,addContentItem
DA:5,0
DA:6,0
DA:7,0
DA:10,0
DA:11,0
DA:12,0
DA:13,0
DA:14,0
DA:19,0
DA:20,0
DA:21,0
DA:24,0
DA:25,0
DA:29,0
DA:40,0
DA:41,0
DA:42,0
DA:43,0
DA:44,0
DA:51,0
DA:53,0
DA:54,0
DA:62,0
DA:64,0
DA:65,0
DA:75,0
DA:78,0
DA:79,0
DA:80,0
DA:87,0
DA:88,0
DA:96,0
DA:97,0
DA:98,0
DA:107,0
DA:108,0
DA:111,0
DA:112,0
DA:113,0
DA:118,0
DA:127,0
DA:128,0
DA:130,0
DA:131,0
DA:132,0
DA:133,0
DA:134,0
DA:137,0
DA:147,0
DA:148,0
DA:149,0
DA:159,0
DA:160,0
DA:161,0
DA:164,0
DA:172,0
DA:173,0
DA:174,0
DA:176,0
DA:179,0
LF:60
LH:0
BRDA:13,0,0,0
BRDA:13,0,1,0
BRDA:51,1,0,0
BRDA:51,1,1,0
BRDA:51,2,0,0
BRDA:51,2,1,0
BRDA:62,3,0,0
BRDA:62,3,1,0
BRDA:75,4,0,0
BRDA:75,4,1,0
BRDA:87,5,0,0
BRDA:87,5,1,0
BRDA:97,6,0,0
BRDA:97,6,1,0
BRDA:107,7,0,0
BRDA:107,7,1,0
BRDA:130,8,0,0
BRDA:130,8,1,0
BRDA:132,9,0,0
BRDA:132,9,1,0
BRDA:147,10,0,0
BRDA:147,10,1,0
BRDA:160,11,0,0
BRDA:160,11,1,0
BRF:24
BRH:0
end_of_record
TN:
SF:public/js/search-engine.js
FN:10,(anonymous_0)
FN:25,(anonymous_1)
FN:37,(anonymous_2)
FN:38,(anonymous_3)
FN:40,(anonymous_4)
FN:41,(anonymous_5)
FN:45,(anonymous_6)
FN:59,(anonymous_7)
FN:61,(anonymous_8)
FN:66,(anonymous_9)
FN:67,(anonymous_10)
FN:75,(anonymous_11)
FN:89,(anonymous_12)
FN:90,(anonymous_13)
FN:94,(anonymous_14)
FN:95,(anonymous_15)
FN:113,(anonymous_16)
FN:137,(anonymous_17)
FN:143,(anonymous_18)
FN:148,(anonymous_19)
FN:162,(anonymous_20)
FN:163,(anonymous_21)
FN:182,(anonymous_22)
FN:193,(anonymous_23)
FN:195,(anonymous_24)
FN:206,(anonymous_25)
FN:212,(anonymous_26)
FN:229,(anonymous_27)
FN:231,(anonymous_28)
FN:245,(anonymous_29)
FN:247,(anonymous_30)
FN:255,(anonymous_31)
FN:260,(anonymous_32)
FN:276,(anonymous_33)
FN:297,(anonymous_34)
FN:312,(anonymous_35)
FN:313,(anonymous_36)
FNF:37
FNH:16
FNDA:7,(anonymous_0)
FNDA:10,(anonymous_1)
FNDA:1,(anonymous_2)
FNDA:1,(anonymous_3)
FNDA:1,(anonymous_4)
FNDA:1,(anonymous_5)
FNDA:0,(anonymous_6)
FNDA:2,(anonymous_7)
FNDA:5,(anonymous_8)
FNDA:1,(anonymous_9)
FNDA:3,(anonymous_10)
FNDA:1,(anonymous_11)
FNDA:0,(anonymous_12)
FNDA:0,(anonymous_13)
FNDA:0,(anonymous_14)
FNDA:0,(anonymous_15)
FNDA:0,(anonymous_16)
FNDA:0,(anonymous_17)
FNDA:0,(anonymous_18)
FNDA:0,(anonymous_19)
FNDA:0,(anonymous_20)
FNDA:0,(anonymous_21)
FNDA:0,(anonymous_22)
FNDA:1,(anonymous_23)
FNDA:1,(anonymous_24)
FNDA:0,(anonymous_25)
FNDA:0,(anonymous_26)
FNDA:0,(anonymous_27)
FNDA:0,(anonymous_28)
FNDA:0,(anonymous_29)
FNDA:0,(anonymous_30)
FNDA:0,(anonymous_31)
FNDA:0,(anonymous_32)
FNDA:0,(anonymous_33)
FNDA:3,(anonymous_34)
FNDA:1,(anonymous_35)
FNDA:3,(anonymous_36)
DA:11,7
DA:12,7
DA:13,7
DA:14,7
DA:15,7
DA:16,7
DA:17,7
DA:26,10
DA:27,10
DA:38,1
DA:39,1
DA:40,1
DA:42,1
DA:43,1
DA:46,0
DA:47,0
DA:48,0
DA:60,2
DA:62,5
DA:66,1
DA:67,3
DA:76,1
DA:90,0
DA:92,0
DA:93,0
DA:94,0
DA:96,0
DA:97,0
DA:100,0
DA:114,0
DA:115,0
DA:116,0
DA:117,0
DA:120,0
DA:121,0
DA:122,0
DA:123,0
DA:126,0
DA:133,0
DA:134,0
DA:136,0
DA:138,0
DA:139,0
DA:141,0
DA:144,0
DA:145,0
DA:146,0
DA:149,0
DA:150,0
DA:151,0
DA:163,0
DA:164,0
DA:165,0
DA:167,0
DA:168,0
DA:169,0
DA:170,0
DA:172,0
DA:183,0
DA:184,0
DA:194,1
DA:195,1
DA:197,1
DA:201,1
DA:202,1
DA:204,1
DA:206,1
DA:207,0
DA:208,0
DA:209,0
DA:211,0
DA:212,0
DA:214,0
DA:215,0
DA:216,0
DA:231,0
DA:232,0
DA:236,0
DA:245,0
DA:246,0
DA:247,0
DA:248,0
DA:249,0
DA:250,0
DA:255,0
DA:256,0
DA:260,0
DA:261,0
DA:265,0
DA:277,0
DA:288,0
DA:298,3
DA:299,1
DA:301,2
DA:302,2
DA:303,2
DA:313,1
DA:314,3
DA:321,1
LF:99
LH:34
BRDA:13,0,0,7
BRDA:13,0,1,0
BRDA:13,0,2,0
BRDA:16,1,0,7
BRDA:16,1,1,7
BRDA:27,2,0,9
BRDA:27,2,1,1
BRDA:62,3,0,5
BRDA:62,3,1,4
BRDA:62,3,2,4
BRDA:62,3,3,4
BRDA:92,4,0,0
BRDA:92,4,1,0
BRDA:114,5,0,0
BRDA:114,5,1,0
BRDA:121,6,0,0
BRDA:121,6,1,0
BRDA:138,7,0,0
BRDA:138,7,1,0
BRDA:164,8,0,0
BRDA:164,8,1,0
BRDA:164,8,2,0
BRDA:164,8,3,0
BRDA:165,9,0,0
BRDA:165,9,1,0
BRDA:165,9,2,0
BRDA:165,9,3,0
BRDA:167,10,0,0
BRDA:167,10,1,0
BRDA:167,11,0,0
BRDA:167,11,1,0
BRDA:169,12,0,0
BRDA:169,12,1,0
BRDA:169,13,0,0
BRDA:169,13,1,0
BRDA:184,14,0,0
BRDA:184,14,1,0
BRDA:195,15,0,1
BRDA:195,15,1,0
BRDA:195,16,0,1
BRDA:195,16,1,0
BRDA:201,17,0,1
BRDA:201,17,1,0
BRDA:208,18,0,0
BRDA:208,18,1,0
BRDA:214,19,0,0
BRDA:214,19,1,0
BRDA:282,20,0,0
BRDA:282,20,1,0
BRDA:282,21,0,0
BRDA:282,21,1,0
BRDA:298,22,0,1
BRDA:298,22,1,2
BRDA:314,23,0,3
BRDA:314,23,1,2
BRF:55
BRH:16
end_of_record
TN:
SF:public/js/ui-manager.js
FN:9,(anonymous_0)
FN:28,(anonymous_1)
FN:38,(anonymous_2)
FN:43,(anonymous_3)
FN:51,(anonymous_4)
FN:56,(anonymous_5)
FN:66,(anonymous_6)
FN:82,(anonymous_7)
FN:91,(anonymous_8)
FN:92,(anonymous_9)
FN:102,(anonymous_10)
FN:111,(anonymous_11)
FN:122,(anonymous_12)
FN:128,(anonymous_13)
FN:170,(anonymous_14)
FN:189,(anonymous_15)
FN:202,(anonymous_16)
FN:246,(anonymous_17)
FN:260,(anonymous_18)
FN:262,(anonymous_19)
FN:276,(anonymous_20)
FNF:21
FNH:0
FNDA:0,(anonymous_0)
FNDA:0,(anonymous_1)
FNDA:0,(anonymous_2)
FNDA:0,(anonymous_3)
FNDA:0,(anonymous_4)
FNDA:0,(anonymous_5)
FNDA:0,(anonymous_6)
FNDA:0,(anonymous_7)
FNDA:0,(anonymous_8)
FNDA:0,(anonymous_9)
FNDA:0,(anonymous_10)
FNDA:0,(anonymous_11)
FNDA:0,(anonymous_12)
FNDA:0,(anonymous_13)
FNDA:0,(anonymous_14)
FNDA:0,(anonymous_15)
FNDA:0,(anonymous_16)
FNDA:0,(anonymous_17)
FNDA:0,(anonymous_18)
FNDA:0,(anonymous_19)
FNDA:0,(anonymous_20)
DA:10,0
DA:22,0
DA:29,0
DA:30,0
DA:31,0
DA:32,0
DA:39,0
DA:40,0
DA:43,0
DA:44,0
DA:52,0
DA:53,0
DA:56,0
DA:57,0
DA:67,0
DA:70,0
DA:72,0
DA:73,0
DA:76,0
DA:83,0
DA:84,0
DA:92,0
DA:93,0
DA:94,0
DA:103,0
DA:104,0
DA:112,0
DA:113,0
DA:123,0
DA:124,0
DA:127,0
DA:128,0
DA:157,0
DA:171,0
DA:172,0
DA:175,0
DA:176,0
DA:177,0
DA:180,0
DA:182,0
DA:183,0
DA:184,0
DA:187,0
DA:189,0
DA:190,0
DA:191,0
DA:203,0
DA:205,0
DA:206,0
DA:207,0
DA:208,0
DA:211,0
DA:212,0
DA:213,0
DA:216,0
DA:217,0
DA:218,0
DA:221,0
DA:222,0
DA:223,0
DA:226,0
DA:227,0
DA:228,0
DA:231,0
DA:232,0
DA:233,0
DA:234,0
DA:235,0
DA:236,0
DA:239,0
DA:240,0
DA:241,0
DA:244,0
DA:245,0
DA:246,0
DA:247,0
DA:248,0
DA:252,0
DA:261,0
DA:262,0
DA:263,0
DA:265,0
DA:277,0
DA:278,0
DA:281,0
DA:283,0
DA:284,0
DA:285,0
DA:286,0
DA:289,0
DA:294,0
LF:91
LH:0
BRDA:39,0,0,0
BRDA:39,0,1,0
BRDA:39,1,0,0
BRDA:39,1,1,0
BRDA:52,2,0,0
BRDA:52,2,1,0
BRDA:67,3,0,0
BRDA:67,3,1,0
BRDA:72,4,0,0
BRDA:72,4,1,0
BRDA:83,5,0,0
BRDA:83,5,1,0
BRDA:93,6,0,0
BRDA:93,6,1,0
BRDA:103,7,0,0
BRDA:103,7,1,0
BRDA:112,8,0,0
BRDA:112,8,1,0
BRDA:123,9,0,0
BRDA:123,9,1,0
BRDA:123,10,0,0
BRDA:123,10,1,0
BRDA:133,11,0,0
BRDA:133,11,1,0
BRDA:134,12,0,0
BRDA:134,12,1,0
BRDA:137,13,0,0
BRDA:137,13,1,0
BRDA:142,14,0,0
BRDA:142,14,1,0
BRDA:146,15,0,0
BRDA:146,15,1,0
BRDA:150,16,0,0
BRDA:150,16,1,0
BRDA:171,17,0,0
BRDA:171,17,1,0
BRDA:171,18,0,0
BRDA:171,18,1,0
BRDA:175,19,0,0
BRDA:175,19,1,0
BRDA:175,20,0,0
BRDA:175,20,1,0
BRDA:183,21,0,0
BRDA:183,21,1,0
BRDA:206,22,0,0
BRDA:206,22,1,0
BRDA:207,23,0,0
BRDA:207,23,1,0
BRDA:208,24,0,0
BRDA:208,24,1,0
BRDA:212,25,0,0
BRDA:212,25,1,0
BRDA:213,26,0,0
BRDA:213,26,1,0
BRDA:217,27,0,0
BRDA:217,27,1,0
BRDA:218,28,0,0
BRDA:218,28,1,0
BRDA:222,29,0,0
BRDA:222,29,1,0
BRDA:223,30,0,0
BRDA:223,30,1,0
BRDA:227,31,0,0
BRDA:227,31,1,0
BRDA:228,32,0,0
BRDA:228,32,1,0
BRDA:232,33,0,0
BRDA:232,33,1,0
BRDA:232,34,0,0
BRDA:232,34,1,0
BRDA:232,34,2,0
BRDA:235,35,0,0
BRDA:235,35,1,0
BRDA:240,36,0,0
BRDA:240,36,1,0
BRDA:241,37,0,0
BRDA:241,37,1,0
BRDA:245,38,0,0
BRDA:245,38,1,0
BRDA:261,39,0,0
BRDA:261,39,1,0
BRDA:277,40,0,0
BRDA:277,40,1,0
BRDA:283,41,0,0
BRDA:283,41,1,0
BRDA:285,42,0,0
BRDA:285,42,1,0
BRF:87
BRH:0
end_of_record
TN:
SF:public/js/utils.js
FN:11,formatDuration
FN:33,abbreviateNumber
FN:46,formatTimeAgo
FN:79,debounce
FN:81,executedFunction
FN:82,(anonymous_5)
FNF:6
FNH:0
FNDA:0,formatDuration
FNDA:0,abbreviateNumber
FNDA:0,formatTimeAgo
FNDA:0,debounce
FNDA:0,executedFunction
FNDA:0,(anonymous_5)
DA:12,0
DA:13,0
DA:16,0
DA:17,0
DA:18,0
DA:20,0
DA:21,0
DA:23,0
DA:34,0
DA:47,0
DA:48,0
DA:49,0
DA:50,0
DA:51,0
DA:52,0
DA:53,0
DA:55,0
DA:56,0
DA:57,0
DA:58,0
DA:59,0
DA:60,0
DA:61,0
DA:62,0
DA:64,0
DA:81,0
DA:82,0
DA:83,0
DA:84,0
DA:86,0
DA:87,0
DA:92,1
LF:32
LH:1
BRDA:12,0,0,0
BRDA:12,0,1,0
BRDA:20,1,0,0
BRDA:20,1,1,0
BRDA:47,2,0,0
BRDA:47,2,1,0
BRDA:55,3,0,0
BRDA:55,3,1,0
BRDA:57,4,0,0
BRDA:57,4,1,0
BRDA:58,5,0,0
BRDA:58,5,1,0
BRDA:59,6,0,0
BRDA:59,6,1,0
BRDA:60,7,0,0
BRDA:60,7,1,0
BRDA:61,8,0,0
BRDA:61,8,1,0
BRDA:62,9,0,0
BRDA:62,9,1,0
BRF:20
BRH:0
end_of_record
